19:02:06:437  INFO 33852 --- [main] com.hmall.gateway.GatewayApplication     : The following 1 profile is active: "dev"
19:02:06:706  INFO 33852 --- [main] o.s.cloud.context.scope.GenericScope     : BeanFactory id=234a8039-8457-3ffa-8939-b6f096c0014b
19:02:06:729  INFO 33852 --- [main] trationDelegate$BeanPostProcessorChecker : Bean 'org.springframework.cloud.client.loadbalancer.reactive.LoadBalancerBeanPostProcessorAutoConfiguration' of type [org.springframework.cloud.client.loadbalancer.reactive.LoadBalancerBeanPostProcessorAutoConfiguration] is not eligible for getting processed by all BeanPostProcessors (for example: not eligible for auto-proxying)
19:02:06:730  INFO 33852 --- [main] trationDelegate$BeanPostProcessorChecker : Bean 'org.springframework.cloud.client.loadbalancer.reactive.LoadBalancerBeanPostProcessorAutoConfiguration$ReactorDeferringLoadBalancerFilterConfig' of type [org.springframework.cloud.client.loadbalancer.reactive.LoadBalancerBeanPostProcessorAutoConfiguration$ReactorDeferringLoadBalancerFilterConfig] is not eligible for getting processed by all BeanPostProcessors (for example: not eligible for auto-proxying)
19:02:06:731  INFO 33852 --- [main] trationDelegate$BeanPostProcessorChecker : Bean 'reactorDeferringLoadBalancerExchangeFilterFunction' of type [org.springframework.cloud.client.loadbalancer.reactive.DeferringLoadBalancerExchangeFilterFunction] is not eligible for getting processed by all BeanPostProcessors (for example: not eligible for auto-proxying)
19:02:07:077 DEBUG 33852 --- [main] c.h.gateway.router.DanamicRouteLoader    : 监听到路由配置信息：null
19:02:07:309  INFO 33852 --- [main] o.s.c.g.r.RouteDefinitionRouteLocator    : Loaded RoutePredicateFactory [After]
19:02:07:309  INFO 33852 --- [main] o.s.c.g.r.RouteDefinitionRouteLocator    : Loaded RoutePredicateFactory [Before]
19:02:07:309  INFO 33852 --- [main] o.s.c.g.r.RouteDefinitionRouteLocator    : Loaded RoutePredicateFactory [Between]
19:02:07:309  INFO 33852 --- [main] o.s.c.g.r.RouteDefinitionRouteLocator    : Loaded RoutePredicateFactory [Cookie]
19:02:07:309  INFO 33852 --- [main] o.s.c.g.r.RouteDefinitionRouteLocator    : Loaded RoutePredicateFactory [Header]
19:02:07:309  INFO 33852 --- [main] o.s.c.g.r.RouteDefinitionRouteLocator    : Loaded RoutePredicateFactory [Host]
19:02:07:309  INFO 33852 --- [main] o.s.c.g.r.RouteDefinitionRouteLocator    : Loaded RoutePredicateFactory [Method]
19:02:07:309  INFO 33852 --- [main] o.s.c.g.r.RouteDefinitionRouteLocator    : Loaded RoutePredicateFactory [Path]
19:02:07:309  INFO 33852 --- [main] o.s.c.g.r.RouteDefinitionRouteLocator    : Loaded RoutePredicateFactory [Query]
19:02:07:310  INFO 33852 --- [main] o.s.c.g.r.RouteDefinitionRouteLocator    : Loaded RoutePredicateFactory [ReadBody]
19:02:07:310  INFO 33852 --- [main] o.s.c.g.r.RouteDefinitionRouteLocator    : Loaded RoutePredicateFactory [RemoteAddr]
19:02:07:310  INFO 33852 --- [main] o.s.c.g.r.RouteDefinitionRouteLocator    : Loaded RoutePredicateFactory [XForwardedRemoteAddr]
19:02:07:310  INFO 33852 --- [main] o.s.c.g.r.RouteDefinitionRouteLocator    : Loaded RoutePredicateFactory [Weight]
19:02:07:310  INFO 33852 --- [main] o.s.c.g.r.RouteDefinitionRouteLocator    : Loaded RoutePredicateFactory [CloudFoundryRouteService]
19:02:07:477  INFO 33852 --- [main] com.alibaba.nacos.common.remote.client   : [RpcClientFactory] create a new rpc client of 5314aef3-16fc-49cb-a8c6-5dd149fc0a56
19:02:07:477  INFO 33852 --- [main] com.alibaba.nacos.common.remote.client   : [5314aef3-16fc-49cb-a8c6-5dd149fc0a56] RpcClient init label, labels = {module=naming, source=sdk}
19:02:07:478  INFO 33852 --- [main] com.alibaba.nacos.common.remote.client   : [5314aef3-16fc-49cb-a8c6-5dd149fc0a56] RpcClient init, ServerListFactory = com.alibaba.nacos.client.naming.core.ServerListManager
19:02:07:478  INFO 33852 --- [main] com.alibaba.nacos.common.remote.client   : [5314aef3-16fc-49cb-a8c6-5dd149fc0a56] Registry connection listener to current client:com.alibaba.nacos.client.naming.remote.gprc.redo.NamingGrpcRedoService
19:02:07:478  INFO 33852 --- [main] com.alibaba.nacos.common.remote.client   : [5314aef3-16fc-49cb-a8c6-5dd149fc0a56] Register server push request handler:com.alibaba.nacos.client.naming.remote.gprc.NamingPushRequestHandler
19:02:07:478  INFO 33852 --- [main] com.alibaba.nacos.common.remote.client   : [5314aef3-16fc-49cb-a8c6-5dd149fc0a56] Try to connect to server on start up, server: {serverIp = '192.168.32.131', server main port = 8848}
19:02:07:592  INFO 33852 --- [main] com.alibaba.nacos.common.remote.client   : [5314aef3-16fc-49cb-a8c6-5dd149fc0a56] Success to connect to server [192.168.32.131:8848] on start up, connectionId = 1720868528729_192.168.32.1_55910
19:02:07:592  INFO 33852 --- [main] com.alibaba.nacos.common.remote.client   : [5314aef3-16fc-49cb-a8c6-5dd149fc0a56] Register server push request handler:com.alibaba.nacos.common.remote.client.RpcClient$ConnectResetRequestHandler
19:02:07:592  INFO 33852 --- [com.alibaba.nacos.client.remote.worker] com.alibaba.nacos.common.remote.client   : [5314aef3-16fc-49cb-a8c6-5dd149fc0a56] Notify connected event to listeners.
19:02:07:592  INFO 33852 --- [main] com.alibaba.nacos.common.remote.client   : [5314aef3-16fc-49cb-a8c6-5dd149fc0a56] Register server push request handler:com.alibaba.nacos.common.remote.client.RpcClient$$Lambda/0x0000025f014f3920
19:02:07:673  INFO 33852 --- [main] o.s.b.web.embedded.netty.NettyWebServer  : Netty started on port 8080
19:02:07:683  INFO 33852 --- [main] c.a.c.n.registry.NacosServiceRegistry    : nacos registry, DEFAULT_GROUP gateway 192.168.1.3:8080 register finished
19:02:07:687  INFO 33852 --- [main] com.hmall.gateway.GatewayApplication     : Started GatewayApplication in 2.312 seconds (JVM running for 2.739)
19:02:07:689  INFO 33852 --- [main] c.a.c.n.refresh.NacosContextRefresher    : [Nacos Config] Listening config: dataId=gateway.yaml, group=DEFAULT_GROUP
19:02:07:689  INFO 33852 --- [main] c.a.c.n.refresh.NacosContextRefresher    : [Nacos Config] Listening config: dataId=gateway-dev.yaml, group=DEFAULT_GROUP
19:02:07:689  INFO 33852 --- [main] c.a.c.n.refresh.NacosContextRefresher    : [Nacos Config] Listening config: dataId=gateway, group=DEFAULT_GROUP
19:02:08:168  INFO 33852 --- [nacos-grpc-client-executor-7] com.alibaba.nacos.common.remote.client   : [5314aef3-16fc-49cb-a8c6-5dd149fc0a56] Receive server push request, request = NotifySubscriberRequest, requestId = 624
19:02:08:179  INFO 33852 --- [nacos-grpc-client-executor-7] com.alibaba.nacos.common.remote.client   : [5314aef3-16fc-49cb-a8c6-5dd149fc0a56] Ack server push request, request = NotifySubscriberRequest, requestId = 624
19:06:17:859  WARN 33852 --- [Thread-1] c.a.n.common.http.HttpClientBeanHolder   : [HttpClientBeanHolder] Start destroying common HttpClient
19:06:17:859  WARN 33852 --- [Thread-5] c.a.nacos.common.notify.NotifyCenter     : [NotifyCenter] Start destroying Publisher
19:06:17:859  WARN 33852 --- [Thread-5] c.a.nacos.common.notify.NotifyCenter     : [NotifyCenter] Destruction of the end
19:06:17:859  WARN 33852 --- [Thread-1] c.a.n.common.http.HttpClientBeanHolder   : [HttpClientBeanHolder] Destruction of the end
19:06:17:867  INFO 33852 --- [SpringApplicationShutdownHook] c.a.c.n.registry.NacosServiceRegistry    : De-registering from Nacos Server now...
19:06:17:870  INFO 33852 --- [SpringApplicationShutdownHook] c.a.c.n.registry.NacosServiceRegistry    : De-registration finished.
19:06:18:175  INFO 33852 --- [SpringApplicationShutdownHook] com.alibaba.nacos.common.remote.client   : Shutdown rpc client, set status to shutdown
19:06:18:175  INFO 33852 --- [SpringApplicationShutdownHook] com.alibaba.nacos.common.remote.client   : Shutdown client event executor java.util.concurrent.ScheduledThreadPoolExecutor@72e49f6a[Running, pool size = 2, active threads = 2, queued tasks = 0, completed tasks = 0]
19:06:18:175  INFO 33852 --- [SpringApplicationShutdownHook] com.alibaba.nacos.common.remote.client   : Close current connection 1720868528729_192.168.32.1_55910
19:06:18:176  INFO 33852 --- [SpringApplicationShutdownHook] c.a.n.c.remote.client.grpc.GrpcClient    : Shutdown grpc executor java.util.concurrent.ThreadPoolExecutor@1cab19e2[Running, pool size = 4, active threads = 0, queued tasks = 0, completed tasks = 68]
19:06:23:143  INFO 19084 --- [main] com.hmall.gateway.GatewayApplication     : The following 1 profile is active: "dev"
19:06:23:383  INFO 19084 --- [main] o.s.cloud.context.scope.GenericScope     : BeanFactory id=234a8039-8457-3ffa-8939-b6f096c0014b
19:06:23:407  INFO 19084 --- [main] trationDelegate$BeanPostProcessorChecker : Bean 'org.springframework.cloud.client.loadbalancer.reactive.LoadBalancerBeanPostProcessorAutoConfiguration' of type [org.springframework.cloud.client.loadbalancer.reactive.LoadBalancerBeanPostProcessorAutoConfiguration] is not eligible for getting processed by all BeanPostProcessors (for example: not eligible for auto-proxying)
19:06:23:407  INFO 19084 --- [main] trationDelegate$BeanPostProcessorChecker : Bean 'org.springframework.cloud.client.loadbalancer.reactive.LoadBalancerBeanPostProcessorAutoConfiguration$ReactorDeferringLoadBalancerFilterConfig' of type [org.springframework.cloud.client.loadbalancer.reactive.LoadBalancerBeanPostProcessorAutoConfiguration$ReactorDeferringLoadBalancerFilterConfig] is not eligible for getting processed by all BeanPostProcessors (for example: not eligible for auto-proxying)
19:06:23:407  INFO 19084 --- [main] trationDelegate$BeanPostProcessorChecker : Bean 'reactorDeferringLoadBalancerExchangeFilterFunction' of type [org.springframework.cloud.client.loadbalancer.reactive.DeferringLoadBalancerExchangeFilterFunction] is not eligible for getting processed by all BeanPostProcessors (for example: not eligible for auto-proxying)
19:06:23:701 DEBUG 19084 --- [main] c.h.gateway.router.DanamicRouteLoader    : 监听到路由配置信息：null
19:06:23:906  INFO 19084 --- [main] o.s.c.g.r.RouteDefinitionRouteLocator    : Loaded RoutePredicateFactory [After]
19:06:23:906  INFO 19084 --- [main] o.s.c.g.r.RouteDefinitionRouteLocator    : Loaded RoutePredicateFactory [Before]
19:06:23:906  INFO 19084 --- [main] o.s.c.g.r.RouteDefinitionRouteLocator    : Loaded RoutePredicateFactory [Between]
19:06:23:906  INFO 19084 --- [main] o.s.c.g.r.RouteDefinitionRouteLocator    : Loaded RoutePredicateFactory [Cookie]
19:06:23:906  INFO 19084 --- [main] o.s.c.g.r.RouteDefinitionRouteLocator    : Loaded RoutePredicateFactory [Header]
19:06:23:906  INFO 19084 --- [main] o.s.c.g.r.RouteDefinitionRouteLocator    : Loaded RoutePredicateFactory [Host]
19:06:23:906  INFO 19084 --- [main] o.s.c.g.r.RouteDefinitionRouteLocator    : Loaded RoutePredicateFactory [Method]
19:06:23:906  INFO 19084 --- [main] o.s.c.g.r.RouteDefinitionRouteLocator    : Loaded RoutePredicateFactory [Path]
19:06:23:906  INFO 19084 --- [main] o.s.c.g.r.RouteDefinitionRouteLocator    : Loaded RoutePredicateFactory [Query]
19:06:23:906  INFO 19084 --- [main] o.s.c.g.r.RouteDefinitionRouteLocator    : Loaded RoutePredicateFactory [ReadBody]
19:06:23:906  INFO 19084 --- [main] o.s.c.g.r.RouteDefinitionRouteLocator    : Loaded RoutePredicateFactory [RemoteAddr]
19:06:23:906  INFO 19084 --- [main] o.s.c.g.r.RouteDefinitionRouteLocator    : Loaded RoutePredicateFactory [XForwardedRemoteAddr]
19:06:23:906  INFO 19084 --- [main] o.s.c.g.r.RouteDefinitionRouteLocator    : Loaded RoutePredicateFactory [Weight]
19:06:23:906  INFO 19084 --- [main] o.s.c.g.r.RouteDefinitionRouteLocator    : Loaded RoutePredicateFactory [CloudFoundryRouteService]
19:06:24:058  INFO 19084 --- [main] com.alibaba.nacos.common.remote.client   : [RpcClientFactory] create a new rpc client of f1edd247-237b-4cef-b984-6dad6ded367d
19:06:24:058  INFO 19084 --- [main] com.alibaba.nacos.common.remote.client   : [f1edd247-237b-4cef-b984-6dad6ded367d] RpcClient init label, labels = {module=naming, source=sdk}
19:06:24:059  INFO 19084 --- [main] com.alibaba.nacos.common.remote.client   : [f1edd247-237b-4cef-b984-6dad6ded367d] RpcClient init, ServerListFactory = com.alibaba.nacos.client.naming.core.ServerListManager
19:06:24:059  INFO 19084 --- [main] com.alibaba.nacos.common.remote.client   : [f1edd247-237b-4cef-b984-6dad6ded367d] Registry connection listener to current client:com.alibaba.nacos.client.naming.remote.gprc.redo.NamingGrpcRedoService
19:06:24:059  INFO 19084 --- [main] com.alibaba.nacos.common.remote.client   : [f1edd247-237b-4cef-b984-6dad6ded367d] Register server push request handler:com.alibaba.nacos.client.naming.remote.gprc.NamingPushRequestHandler
19:06:24:059  INFO 19084 --- [main] com.alibaba.nacos.common.remote.client   : [f1edd247-237b-4cef-b984-6dad6ded367d] Try to connect to server on start up, server: {serverIp = '192.168.32.131', server main port = 8848}
19:06:24:173  INFO 19084 --- [main] com.alibaba.nacos.common.remote.client   : [f1edd247-237b-4cef-b984-6dad6ded367d] Success to connect to server [192.168.32.131:8848] on start up, connectionId = 1720868785312_192.168.32.1_56161
19:06:24:173  INFO 19084 --- [main] com.alibaba.nacos.common.remote.client   : [f1edd247-237b-4cef-b984-6dad6ded367d] Register server push request handler:com.alibaba.nacos.common.remote.client.RpcClient$ConnectResetRequestHandler
19:06:24:173  INFO 19084 --- [com.alibaba.nacos.client.remote.worker] com.alibaba.nacos.common.remote.client   : [f1edd247-237b-4cef-b984-6dad6ded367d] Notify connected event to listeners.
19:06:24:173  INFO 19084 --- [main] com.alibaba.nacos.common.remote.client   : [f1edd247-237b-4cef-b984-6dad6ded367d] Register server push request handler:com.alibaba.nacos.common.remote.client.RpcClient$$Lambda/0x0000023ec44f38e0
19:06:24:256  INFO 19084 --- [main] o.s.b.web.embedded.netty.NettyWebServer  : Netty started on port 8080
19:06:24:266  INFO 19084 --- [main] c.a.c.n.registry.NacosServiceRegistry    : nacos registry, DEFAULT_GROUP gateway 192.168.1.3:8080 register finished
19:06:24:271  INFO 19084 --- [main] com.hmall.gateway.GatewayApplication     : Started GatewayApplication in 2.115 seconds (JVM running for 2.418)
19:06:24:273  INFO 19084 --- [main] c.a.c.n.refresh.NacosContextRefresher    : [Nacos Config] Listening config: dataId=gateway.yaml, group=DEFAULT_GROUP
19:06:24:273  INFO 19084 --- [main] c.a.c.n.refresh.NacosContextRefresher    : [Nacos Config] Listening config: dataId=gateway-dev.yaml, group=DEFAULT_GROUP
19:06:24:273  INFO 19084 --- [main] c.a.c.n.refresh.NacosContextRefresher    : [Nacos Config] Listening config: dataId=gateway, group=DEFAULT_GROUP
19:06:24:777  INFO 19084 --- [nacos-grpc-client-executor-6] com.alibaba.nacos.common.remote.client   : [f1edd247-237b-4cef-b984-6dad6ded367d] Receive server push request, request = NotifySubscriberRequest, requestId = 625
19:06:24:787  INFO 19084 --- [nacos-grpc-client-executor-6] com.alibaba.nacos.common.remote.client   : [f1edd247-237b-4cef-b984-6dad6ded367d] Ack server push request, request = NotifySubscriberRequest, requestId = 625
19:07:31:583  WARN 19084 --- [Thread-1] c.a.n.common.http.HttpClientBeanHolder   : [HttpClientBeanHolder] Start destroying common HttpClient
19:07:31:583  WARN 19084 --- [Thread-5] c.a.nacos.common.notify.NotifyCenter     : [NotifyCenter] Start destroying Publisher
19:07:31:583  WARN 19084 --- [Thread-5] c.a.nacos.common.notify.NotifyCenter     : [NotifyCenter] Destruction of the end
19:07:31:583  WARN 19084 --- [Thread-1] c.a.n.common.http.HttpClientBeanHolder   : [HttpClientBeanHolder] Destruction of the end
19:07:31:592  INFO 19084 --- [SpringApplicationShutdownHook] c.a.c.n.registry.NacosServiceRegistry    : De-registering from Nacos Server now...
19:07:31:595  INFO 19084 --- [SpringApplicationShutdownHook] c.a.c.n.registry.NacosServiceRegistry    : De-registration finished.
19:07:31:901  INFO 19084 --- [SpringApplicationShutdownHook] com.alibaba.nacos.common.remote.client   : Shutdown rpc client, set status to shutdown
19:07:31:902  INFO 19084 --- [SpringApplicationShutdownHook] com.alibaba.nacos.common.remote.client   : Shutdown client event executor java.util.concurrent.ScheduledThreadPoolExecutor@1cab19e2[Running, pool size = 2, active threads = 2, queued tasks = 0, completed tasks = 0]
19:07:31:902  INFO 19084 --- [SpringApplicationShutdownHook] com.alibaba.nacos.common.remote.client   : Close current connection 1720868785312_192.168.32.1_56161
19:07:31:904  INFO 19084 --- [SpringApplicationShutdownHook] c.a.n.c.remote.client.grpc.GrpcClient    : Shutdown grpc executor java.util.concurrent.ThreadPoolExecutor@1f3f434[Running, pool size = 5, active threads = 0, queued tasks = 0, completed tasks = 24]
19:07:36:098  INFO 39796 --- [main] com.hmall.gateway.GatewayApplication     : The following 1 profile is active: "dev"
19:07:36:348  INFO 39796 --- [main] o.s.cloud.context.scope.GenericScope     : BeanFactory id=234a8039-8457-3ffa-8939-b6f096c0014b
19:07:36:370  INFO 39796 --- [main] trationDelegate$BeanPostProcessorChecker : Bean 'org.springframework.cloud.client.loadbalancer.reactive.LoadBalancerBeanPostProcessorAutoConfiguration' of type [org.springframework.cloud.client.loadbalancer.reactive.LoadBalancerBeanPostProcessorAutoConfiguration] is not eligible for getting processed by all BeanPostProcessors (for example: not eligible for auto-proxying)
19:07:36:370  INFO 39796 --- [main] trationDelegate$BeanPostProcessorChecker : Bean 'org.springframework.cloud.client.loadbalancer.reactive.LoadBalancerBeanPostProcessorAutoConfiguration$ReactorDeferringLoadBalancerFilterConfig' of type [org.springframework.cloud.client.loadbalancer.reactive.LoadBalancerBeanPostProcessorAutoConfiguration$ReactorDeferringLoadBalancerFilterConfig] is not eligible for getting processed by all BeanPostProcessors (for example: not eligible for auto-proxying)
19:07:36:371  INFO 39796 --- [main] trationDelegate$BeanPostProcessorChecker : Bean 'reactorDeferringLoadBalancerExchangeFilterFunction' of type [org.springframework.cloud.client.loadbalancer.reactive.DeferringLoadBalancerExchangeFilterFunction] is not eligible for getting processed by all BeanPostProcessors (for example: not eligible for auto-proxying)
19:07:36:670 DEBUG 39796 --- [main] c.h.gateway.router.DanamicRouteLoader    : 监听到路由配置信息：null
19:07:36:894  INFO 39796 --- [main] o.s.c.g.r.RouteDefinitionRouteLocator    : Loaded RoutePredicateFactory [After]
19:07:36:894  INFO 39796 --- [main] o.s.c.g.r.RouteDefinitionRouteLocator    : Loaded RoutePredicateFactory [Before]
19:07:36:894  INFO 39796 --- [main] o.s.c.g.r.RouteDefinitionRouteLocator    : Loaded RoutePredicateFactory [Between]
19:07:36:894  INFO 39796 --- [main] o.s.c.g.r.RouteDefinitionRouteLocator    : Loaded RoutePredicateFactory [Cookie]
19:07:36:894  INFO 39796 --- [main] o.s.c.g.r.RouteDefinitionRouteLocator    : Loaded RoutePredicateFactory [Header]
19:07:36:894  INFO 39796 --- [main] o.s.c.g.r.RouteDefinitionRouteLocator    : Loaded RoutePredicateFactory [Host]
19:07:36:894  INFO 39796 --- [main] o.s.c.g.r.RouteDefinitionRouteLocator    : Loaded RoutePredicateFactory [Method]
19:07:36:894  INFO 39796 --- [main] o.s.c.g.r.RouteDefinitionRouteLocator    : Loaded RoutePredicateFactory [Path]
19:07:36:894  INFO 39796 --- [main] o.s.c.g.r.RouteDefinitionRouteLocator    : Loaded RoutePredicateFactory [Query]
19:07:36:895  INFO 39796 --- [main] o.s.c.g.r.RouteDefinitionRouteLocator    : Loaded RoutePredicateFactory [ReadBody]
19:07:36:895  INFO 39796 --- [main] o.s.c.g.r.RouteDefinitionRouteLocator    : Loaded RoutePredicateFactory [RemoteAddr]
19:07:36:895  INFO 39796 --- [main] o.s.c.g.r.RouteDefinitionRouteLocator    : Loaded RoutePredicateFactory [XForwardedRemoteAddr]
19:07:36:895  INFO 39796 --- [main] o.s.c.g.r.RouteDefinitionRouteLocator    : Loaded RoutePredicateFactory [Weight]
19:07:36:895  INFO 39796 --- [main] o.s.c.g.r.RouteDefinitionRouteLocator    : Loaded RoutePredicateFactory [CloudFoundryRouteService]
19:07:37:046  INFO 39796 --- [main] com.alibaba.nacos.common.remote.client   : [RpcClientFactory] create a new rpc client of 31392df7-94a7-44d4-9495-605c96ea4da3
19:07:37:046  INFO 39796 --- [main] com.alibaba.nacos.common.remote.client   : [31392df7-94a7-44d4-9495-605c96ea4da3] RpcClient init label, labels = {module=naming, source=sdk}
19:07:37:048  INFO 39796 --- [main] com.alibaba.nacos.common.remote.client   : [31392df7-94a7-44d4-9495-605c96ea4da3] RpcClient init, ServerListFactory = com.alibaba.nacos.client.naming.core.ServerListManager
19:07:37:048  INFO 39796 --- [main] com.alibaba.nacos.common.remote.client   : [31392df7-94a7-44d4-9495-605c96ea4da3] Registry connection listener to current client:com.alibaba.nacos.client.naming.remote.gprc.redo.NamingGrpcRedoService
19:07:37:048  INFO 39796 --- [main] com.alibaba.nacos.common.remote.client   : [31392df7-94a7-44d4-9495-605c96ea4da3] Register server push request handler:com.alibaba.nacos.client.naming.remote.gprc.NamingPushRequestHandler
19:07:37:048  INFO 39796 --- [main] com.alibaba.nacos.common.remote.client   : [31392df7-94a7-44d4-9495-605c96ea4da3] Try to connect to server on start up, server: {serverIp = '192.168.32.131', server main port = 8848}
19:07:37:162  INFO 39796 --- [main] com.alibaba.nacos.common.remote.client   : [31392df7-94a7-44d4-9495-605c96ea4da3] Success to connect to server [192.168.32.131:8848] on start up, connectionId = 1720868858301_192.168.32.1_56229
19:07:37:162  INFO 39796 --- [main] com.alibaba.nacos.common.remote.client   : [31392df7-94a7-44d4-9495-605c96ea4da3] Register server push request handler:com.alibaba.nacos.common.remote.client.RpcClient$ConnectResetRequestHandler
19:07:37:162  INFO 39796 --- [com.alibaba.nacos.client.remote.worker] com.alibaba.nacos.common.remote.client   : [31392df7-94a7-44d4-9495-605c96ea4da3] Notify connected event to listeners.
19:07:37:162  INFO 39796 --- [main] com.alibaba.nacos.common.remote.client   : [31392df7-94a7-44d4-9495-605c96ea4da3] Register server push request handler:com.alibaba.nacos.common.remote.client.RpcClient$$Lambda/0x000001cbd44f3748
19:07:37:242  INFO 39796 --- [main] o.s.b.web.embedded.netty.NettyWebServer  : Netty started on port 8080
19:07:37:251  INFO 39796 --- [main] c.a.c.n.registry.NacosServiceRegistry    : nacos registry, DEFAULT_GROUP gateway 192.168.1.3:8080 register finished
19:07:37:257  INFO 39796 --- [main] com.hmall.gateway.GatewayApplication     : Started GatewayApplication in 2.198 seconds (JVM running for 2.529)
19:07:37:258  INFO 39796 --- [main] c.a.c.n.refresh.NacosContextRefresher    : [Nacos Config] Listening config: dataId=gateway.yaml, group=DEFAULT_GROUP
19:07:37:259  INFO 39796 --- [main] c.a.c.n.refresh.NacosContextRefresher    : [Nacos Config] Listening config: dataId=gateway-dev.yaml, group=DEFAULT_GROUP
19:07:37:259  INFO 39796 --- [main] c.a.c.n.refresh.NacosContextRefresher    : [Nacos Config] Listening config: dataId=gateway, group=DEFAULT_GROUP
19:07:37:728  INFO 39796 --- [nacos-grpc-client-executor-7] com.alibaba.nacos.common.remote.client   : [31392df7-94a7-44d4-9495-605c96ea4da3] Receive server push request, request = NotifySubscriberRequest, requestId = 626
19:07:37:736  INFO 39796 --- [nacos-grpc-client-executor-7] com.alibaba.nacos.common.remote.client   : [31392df7-94a7-44d4-9495-605c96ea4da3] Ack server push request, request = NotifySubscriberRequest, requestId = 626
19:27:17:667  INFO 39796 --- [nacos-grpc-client-executor-255] com.alibaba.nacos.common.remote.client   : [2a632a56-f86c-4036-9337-50a728747bc5_config-0] Receive server push request, request = ConfigChangeNotifyRequest, requestId = 627
19:27:17:668  INFO 39796 --- [nacos-grpc-client-executor-255] com.alibaba.nacos.common.remote.client   : [2a632a56-f86c-4036-9337-50a728747bc5_config-0] Ack server push request, request = ConfigChangeNotifyRequest, requestId = 627
19:27:17:679 DEBUG 39796 --- [nacos.client.cachedata.internal.notifier] c.h.gateway.router.DanamicRouteLoader    : 监听到路由配置信息：[
    {
        "id": "item",
        "predicates": [{
            "name": "Path",
            "args": {"_genkey_0":"/items/**", "_genkey_1":"/search/**"}
        }],
        "filters": [],
        "uri": "lb://item-service"
    },
    {
        "id": "cart",
        "predicates": [{
            "name": "Path",
            "args": {"_genkey_0":"/carts/**"}
        }],
        "filters": [],
        "uri": "lb://cart-service"
    },
    {
        "id": "user",
        "predicates": [{
            "name": "Path",
            "args": {"_genkey_0":"/users/**", "_genkey_1":"/addresses/**"}
        }],
        "filters": [],
        "uri": "lb://user-service"
    },
    {
        "id": "trade",
        "predicates": [{
            "name": "Path",
            "args": {"_genkey_0":"/orders/**"}
        }],
        "filters": [],
        "uri": "lb://trade-service"
    },
    {
        "id": "pay",
        "predicates": [{
            "name": "Path",
            "args": {"_genkey_0":"/pay-orders/**"}
        }],
        "filters": [],
        "uri": "lb://pay-service"
    }
]
19:28:33:720  INFO 39796 --- [nacos-grpc-client-executor-275] com.alibaba.nacos.common.remote.client   : [31392df7-94a7-44d4-9495-605c96ea4da3] Receive server push request, request = NotifySubscriberRequest, requestId = 628
19:28:33:721  INFO 39796 --- [nacos-grpc-client-executor-275] com.alibaba.nacos.common.remote.client   : [31392df7-94a7-44d4-9495-605c96ea4da3] Ack server push request, request = NotifySubscriberRequest, requestId = 628
19:43:55:112  INFO 39796 --- [com.alibaba.nacos.client.remote.worker] com.alibaba.nacos.common.remote.client   : [2a632a56-f86c-4036-9337-50a728747bc5_config-0] Server healthy check fail, currentConnection = 1720868857133_192.168.32.1_56228
19:43:55:113  INFO 39796 --- [com.alibaba.nacos.client.remote.worker] com.alibaba.nacos.common.remote.client   : [2a632a56-f86c-4036-9337-50a728747bc5_config-0] Try to reconnect to a new server, server is  not appointed, will choose a random server.
19:43:56:496  INFO 39796 --- [com.alibaba.nacos.client.remote.worker] com.alibaba.nacos.common.remote.client   : [31392df7-94a7-44d4-9495-605c96ea4da3] Server healthy check fail, currentConnection = 1720868858301_192.168.32.1_56229
19:43:56:496  INFO 39796 --- [com.alibaba.nacos.client.remote.worker] com.alibaba.nacos.common.remote.client   : [31392df7-94a7-44d4-9495-605c96ea4da3] Try to reconnect to a new server, server is  not appointed, will choose a random server.
19:43:58:117 ERROR 39796 --- [com.alibaba.nacos.client.remote.worker] c.a.n.c.remote.client.grpc.GrpcClient    : Server check fail, please check server 192.168.32.131 ,port 9848 is available , error ={}

java.util.concurrent.TimeoutException: Waited 3000 milliseconds (plus 698200 nanoseconds delay) for com.alibaba.nacos.shaded.io.grpc.stub.ClientCalls$GrpcFuture@67832f8a[status=PENDING, info=[GrpcFuture{clientCall={delegate={delegate=ClientCallImpl{method=MethodDescriptor{fullMethodName=Request/request, type=UNARY, idempotent=false, safe=false, sampledToLocalTracing=true, requestMarshaller=com.alibaba.nacos.shaded.io.grpc.protobuf.lite.ProtoLiteUtils$MessageMarshaller@10ee2610, responseMarshaller=com.alibaba.nacos.shaded.io.grpc.protobuf.lite.ProtoLiteUtils$MessageMarshaller@360219bd, schemaDescriptor=com.alibaba.nacos.api.grpc.auto.RequestGrpc$RequestMethodDescriptorSupplier@6e709dca}}}}}]]
	at com.alibaba.nacos.shaded.com.google.common.util.concurrent.AbstractFuture.get(AbstractFuture.java:508) ~[nacos-client-2.0.4.jar:na]
	at com.alibaba.nacos.common.remote.client.grpc.GrpcClient.serverCheck(GrpcClient.java:148) ~[nacos-client-2.0.4.jar:na]
	at com.alibaba.nacos.common.remote.client.grpc.GrpcClient.connectToServer(GrpcClient.java:264) ~[nacos-client-2.0.4.jar:na]
	at com.alibaba.nacos.common.remote.client.RpcClient.reconnect(RpcClient.java:522) ~[nacos-client-2.0.4.jar:na]
	at com.alibaba.nacos.common.remote.client.RpcClient.lambda$start$2(RpcClient.java:370) ~[nacos-client-2.0.4.jar:na]
	at java.base/java.util.concurrent.Executors$RunnableAdapter.call(Executors.java:572) ~[na:na]
	at java.base/java.util.concurrent.FutureTask.run(FutureTask.java:317) ~[na:na]
	at java.base/java.util.concurrent.ScheduledThreadPoolExecutor$ScheduledFutureTask.run(ScheduledThreadPoolExecutor.java:304) ~[na:na]
	at java.base/java.util.concurrent.ThreadPoolExecutor.runWorker(ThreadPoolExecutor.java:1144) ~[na:na]
	at java.base/java.util.concurrent.ThreadPoolExecutor$Worker.run(ThreadPoolExecutor.java:642) ~[na:na]
	at java.base/java.lang.Thread.run(Thread.java:1583) ~[na:na]

19:43:59:497 ERROR 39796 --- [com.alibaba.nacos.client.remote.worker] c.a.n.c.remote.client.grpc.GrpcClient    : Server check fail, please check server 192.168.32.131 ,port 9848 is available , error ={}

java.util.concurrent.TimeoutException: Waited 3000 milliseconds (plus 765200 nanoseconds delay) for com.alibaba.nacos.shaded.io.grpc.stub.ClientCalls$GrpcFuture@61183e13[status=PENDING, info=[GrpcFuture{clientCall={delegate={delegate=ClientCallImpl{method=MethodDescriptor{fullMethodName=Request/request, type=UNARY, idempotent=false, safe=false, sampledToLocalTracing=true, requestMarshaller=com.alibaba.nacos.shaded.io.grpc.protobuf.lite.ProtoLiteUtils$MessageMarshaller@10ee2610, responseMarshaller=com.alibaba.nacos.shaded.io.grpc.protobuf.lite.ProtoLiteUtils$MessageMarshaller@360219bd, schemaDescriptor=com.alibaba.nacos.api.grpc.auto.RequestGrpc$RequestMethodDescriptorSupplier@6e709dca}}}}}]]
	at com.alibaba.nacos.shaded.com.google.common.util.concurrent.AbstractFuture.get(AbstractFuture.java:508) ~[nacos-client-2.0.4.jar:na]
	at com.alibaba.nacos.common.remote.client.grpc.GrpcClient.serverCheck(GrpcClient.java:148) ~[nacos-client-2.0.4.jar:na]
	at com.alibaba.nacos.common.remote.client.grpc.GrpcClient.connectToServer(GrpcClient.java:264) ~[nacos-client-2.0.4.jar:na]
	at com.alibaba.nacos.common.remote.client.RpcClient.reconnect(RpcClient.java:522) ~[nacos-client-2.0.4.jar:na]
	at com.alibaba.nacos.common.remote.client.RpcClient.lambda$start$2(RpcClient.java:370) ~[nacos-client-2.0.4.jar:na]
	at java.base/java.util.concurrent.Executors$RunnableAdapter.call(Executors.java:572) ~[na:na]
	at java.base/java.util.concurrent.FutureTask.run(FutureTask.java:317) ~[na:na]
	at java.base/java.util.concurrent.ScheduledThreadPoolExecutor$ScheduledFutureTask.run(ScheduledThreadPoolExecutor.java:304) ~[na:na]
	at java.base/java.util.concurrent.ThreadPoolExecutor.runWorker(ThreadPoolExecutor.java:1144) ~[na:na]
	at java.base/java.util.concurrent.ThreadPoolExecutor$Worker.run(ThreadPoolExecutor.java:642) ~[na:na]
	at java.base/java.lang.Thread.run(Thread.java:1583) ~[na:na]

19:44:01:223 ERROR 39796 --- [com.alibaba.nacos.client.remote.worker] c.a.n.c.remote.client.grpc.GrpcClient    : Server check fail, please check server 192.168.32.131 ,port 9848 is available , error ={}

java.util.concurrent.TimeoutException: Waited 3000 milliseconds (plus 373600 nanoseconds delay) for com.alibaba.nacos.shaded.io.grpc.stub.ClientCalls$GrpcFuture@3e8a7229[status=PENDING, info=[GrpcFuture{clientCall={delegate={delegate=ClientCallImpl{method=MethodDescriptor{fullMethodName=Request/request, type=UNARY, idempotent=false, safe=false, sampledToLocalTracing=true, requestMarshaller=com.alibaba.nacos.shaded.io.grpc.protobuf.lite.ProtoLiteUtils$MessageMarshaller@10ee2610, responseMarshaller=com.alibaba.nacos.shaded.io.grpc.protobuf.lite.ProtoLiteUtils$MessageMarshaller@360219bd, schemaDescriptor=com.alibaba.nacos.api.grpc.auto.RequestGrpc$RequestMethodDescriptorSupplier@6e709dca}}}}}]]
	at com.alibaba.nacos.shaded.com.google.common.util.concurrent.AbstractFuture.get(AbstractFuture.java:508) ~[nacos-client-2.0.4.jar:na]
	at com.alibaba.nacos.common.remote.client.grpc.GrpcClient.serverCheck(GrpcClient.java:148) ~[nacos-client-2.0.4.jar:na]
	at com.alibaba.nacos.common.remote.client.grpc.GrpcClient.connectToServer(GrpcClient.java:264) ~[nacos-client-2.0.4.jar:na]
	at com.alibaba.nacos.common.remote.client.RpcClient.reconnect(RpcClient.java:522) ~[nacos-client-2.0.4.jar:na]
	at com.alibaba.nacos.common.remote.client.RpcClient.lambda$start$2(RpcClient.java:370) ~[nacos-client-2.0.4.jar:na]
	at java.base/java.util.concurrent.Executors$RunnableAdapter.call(Executors.java:572) ~[na:na]
	at java.base/java.util.concurrent.FutureTask.run(FutureTask.java:317) ~[na:na]
	at java.base/java.util.concurrent.ScheduledThreadPoolExecutor$ScheduledFutureTask.run(ScheduledThreadPoolExecutor.java:304) ~[na:na]
	at java.base/java.util.concurrent.ThreadPoolExecutor.runWorker(ThreadPoolExecutor.java:1144) ~[na:na]
	at java.base/java.util.concurrent.ThreadPoolExecutor$Worker.run(ThreadPoolExecutor.java:642) ~[na:na]
	at java.base/java.lang.Thread.run(Thread.java:1583) ~[na:na]

19:44:01:224  INFO 39796 --- [com.alibaba.nacos.client.remote.worker] com.alibaba.nacos.common.remote.client   : [2a632a56-f86c-4036-9337-50a728747bc5_config-0] Fail to connect server, after trying 1 times, last try server is {serverIp = '192.168.32.131', server main port = 8848}, error = unknown
19:44:02:599 ERROR 39796 --- [com.alibaba.nacos.client.remote.worker] c.a.n.c.remote.client.grpc.GrpcClient    : Server check fail, please check server 192.168.32.131 ,port 9848 is available , error ={}

java.util.concurrent.TimeoutException: Waited 3000 milliseconds (plus 39100 nanoseconds delay) for com.alibaba.nacos.shaded.io.grpc.stub.ClientCalls$GrpcFuture@238f4575[status=PENDING, info=[GrpcFuture{clientCall={delegate={delegate=ClientCallImpl{method=MethodDescriptor{fullMethodName=Request/request, type=UNARY, idempotent=false, safe=false, sampledToLocalTracing=true, requestMarshaller=com.alibaba.nacos.shaded.io.grpc.protobuf.lite.ProtoLiteUtils$MessageMarshaller@10ee2610, responseMarshaller=com.alibaba.nacos.shaded.io.grpc.protobuf.lite.ProtoLiteUtils$MessageMarshaller@360219bd, schemaDescriptor=com.alibaba.nacos.api.grpc.auto.RequestGrpc$RequestMethodDescriptorSupplier@6e709dca}}}}}]]
	at com.alibaba.nacos.shaded.com.google.common.util.concurrent.AbstractFuture.get(AbstractFuture.java:508) ~[nacos-client-2.0.4.jar:na]
	at com.alibaba.nacos.common.remote.client.grpc.GrpcClient.serverCheck(GrpcClient.java:148) ~[nacos-client-2.0.4.jar:na]
	at com.alibaba.nacos.common.remote.client.grpc.GrpcClient.connectToServer(GrpcClient.java:264) ~[nacos-client-2.0.4.jar:na]
	at com.alibaba.nacos.common.remote.client.RpcClient.reconnect(RpcClient.java:522) ~[nacos-client-2.0.4.jar:na]
	at com.alibaba.nacos.common.remote.client.RpcClient.lambda$start$2(RpcClient.java:370) ~[nacos-client-2.0.4.jar:na]
	at java.base/java.util.concurrent.Executors$RunnableAdapter.call(Executors.java:572) ~[na:na]
	at java.base/java.util.concurrent.FutureTask.run(FutureTask.java:317) ~[na:na]
	at java.base/java.util.concurrent.ScheduledThreadPoolExecutor$ScheduledFutureTask.run(ScheduledThreadPoolExecutor.java:304) ~[na:na]
	at java.base/java.util.concurrent.ThreadPoolExecutor.runWorker(ThreadPoolExecutor.java:1144) ~[na:na]
	at java.base/java.util.concurrent.ThreadPoolExecutor$Worker.run(ThreadPoolExecutor.java:642) ~[na:na]
	at java.base/java.lang.Thread.run(Thread.java:1583) ~[na:na]

19:44:02:600  INFO 39796 --- [com.alibaba.nacos.client.remote.worker] com.alibaba.nacos.common.remote.client   : [31392df7-94a7-44d4-9495-605c96ea4da3] Fail to connect server, after trying 1 times, last try server is {serverIp = '192.168.32.131', server main port = 8848}, error = unknown
19:44:03:916  INFO 39796 --- [com.alibaba.nacos.client.remote.worker] com.alibaba.nacos.common.remote.client   : [31392df7-94a7-44d4-9495-605c96ea4da3] Success to connect a server [192.168.32.131:8848], connectionId = 1720871045073_192.168.32.1_59821
19:44:03:916  INFO 39796 --- [com.alibaba.nacos.client.remote.worker] com.alibaba.nacos.common.remote.client   : [31392df7-94a7-44d4-9495-605c96ea4da3] Abandon prev connection, server is 192.168.32.131:8848, connectionId is 1720868858301_192.168.32.1_56229
19:44:03:916  INFO 39796 --- [com.alibaba.nacos.client.remote.worker] com.alibaba.nacos.common.remote.client   : Close current connection 1720868858301_192.168.32.1_56229
19:44:03:916  INFO 39796 --- [com.alibaba.nacos.client.remote.worker] com.alibaba.nacos.common.remote.client   : [31392df7-94a7-44d4-9495-605c96ea4da3] Notify disconnected event to listeners
19:44:03:917  INFO 39796 --- [com.alibaba.nacos.client.remote.worker] com.alibaba.nacos.common.remote.client   : [31392df7-94a7-44d4-9495-605c96ea4da3] Notify connected event to listeners.
19:44:03:918  WARN 39796 --- [nacos-grpc-client-executor-473] c.a.n.c.remote.client.grpc.GrpcClient    : [1720868858301_192.168.32.1_56229]Ignore error event,isRunning:true,isAbandon=true
19:44:04:428 ERROR 39796 --- [com.alibaba.nacos.client.remote.worker] c.a.n.c.remote.client.grpc.GrpcClient    : Server check fail, please check server 192.168.32.131 ,port 9848 is available , error ={}

java.util.concurrent.TimeoutException: Waited 3000 milliseconds (plus 1 milliseconds, 975400 nanoseconds delay) for com.alibaba.nacos.shaded.io.grpc.stub.ClientCalls$GrpcFuture@10f4d33d[status=PENDING, info=[GrpcFuture{clientCall={delegate={delegate=ClientCallImpl{method=MethodDescriptor{fullMethodName=Request/request, type=UNARY, idempotent=false, safe=false, sampledToLocalTracing=true, requestMarshaller=com.alibaba.nacos.shaded.io.grpc.protobuf.lite.ProtoLiteUtils$MessageMarshaller@10ee2610, responseMarshaller=com.alibaba.nacos.shaded.io.grpc.protobuf.lite.ProtoLiteUtils$MessageMarshaller@360219bd, schemaDescriptor=com.alibaba.nacos.api.grpc.auto.RequestGrpc$RequestMethodDescriptorSupplier@6e709dca}}}}}]]
	at com.alibaba.nacos.shaded.com.google.common.util.concurrent.AbstractFuture.get(AbstractFuture.java:508) ~[nacos-client-2.0.4.jar:na]
	at com.alibaba.nacos.common.remote.client.grpc.GrpcClient.serverCheck(GrpcClient.java:148) ~[nacos-client-2.0.4.jar:na]
	at com.alibaba.nacos.common.remote.client.grpc.GrpcClient.connectToServer(GrpcClient.java:264) ~[nacos-client-2.0.4.jar:na]
	at com.alibaba.nacos.common.remote.client.RpcClient.reconnect(RpcClient.java:522) ~[nacos-client-2.0.4.jar:na]
	at com.alibaba.nacos.common.remote.client.RpcClient.lambda$start$2(RpcClient.java:370) ~[nacos-client-2.0.4.jar:na]
	at java.base/java.util.concurrent.Executors$RunnableAdapter.call(Executors.java:572) ~[na:na]
	at java.base/java.util.concurrent.FutureTask.run(FutureTask.java:317) ~[na:na]
	at java.base/java.util.concurrent.ScheduledThreadPoolExecutor$ScheduledFutureTask.run(ScheduledThreadPoolExecutor.java:304) ~[na:na]
	at java.base/java.util.concurrent.ThreadPoolExecutor.runWorker(ThreadPoolExecutor.java:1144) ~[na:na]
	at java.base/java.util.concurrent.ThreadPoolExecutor$Worker.run(ThreadPoolExecutor.java:642) ~[na:na]
	at java.base/java.lang.Thread.run(Thread.java:1583) ~[na:na]

19:44:04:429  INFO 39796 --- [com.alibaba.nacos.client.remote.worker] com.alibaba.nacos.common.remote.client   : [2a632a56-f86c-4036-9337-50a728747bc5_config-0] Fail to connect server, after trying 2 times, last try server is {serverIp = '192.168.32.131', server main port = 8848}, error = unknown
19:44:04:842  INFO 39796 --- [com.alibaba.nacos.client.remote.worker] com.alibaba.nacos.common.remote.client   : [2a632a56-f86c-4036-9337-50a728747bc5_config-0] Success to connect a server [192.168.32.131:8848], connectionId = 1720871046001_192.168.32.1_59837
19:44:04:842  INFO 39796 --- [com.alibaba.nacos.client.remote.worker] com.alibaba.nacos.common.remote.client   : [2a632a56-f86c-4036-9337-50a728747bc5_config-0] Abandon prev connection, server is 192.168.32.131:8848, connectionId is 1720868857133_192.168.32.1_56228
19:44:04:842  INFO 39796 --- [com.alibaba.nacos.client.remote.worker] com.alibaba.nacos.common.remote.client   : Close current connection 1720868857133_192.168.32.1_56228
19:44:04:842  INFO 39796 --- [com.alibaba.nacos.client.remote.worker] com.alibaba.nacos.common.remote.client   : [2a632a56-f86c-4036-9337-50a728747bc5_config-0] Notify disconnected event to listeners
19:44:04:843  INFO 39796 --- [com.alibaba.nacos.client.remote.worker] com.alibaba.nacos.common.remote.client   : [2a632a56-f86c-4036-9337-50a728747bc5_config-0] Notify connected event to listeners.
19:44:04:849  WARN 39796 --- [nacos-grpc-client-executor-465] c.a.n.c.remote.client.grpc.GrpcClient    : [1720868857133_192.168.32.1_56228]Ignore error event,isRunning:true,isAbandon=true
19:44:05:291  INFO 39796 --- [nacos-grpc-client-executor-477] com.alibaba.nacos.common.remote.client   : [31392df7-94a7-44d4-9495-605c96ea4da3] Receive server push request, request = NotifySubscriberRequest, requestId = 635
19:44:05:292  INFO 39796 --- [nacos-grpc-client-executor-477] com.alibaba.nacos.common.remote.client   : [31392df7-94a7-44d4-9495-605c96ea4da3] Ack server push request, request = NotifySubscriberRequest, requestId = 635
19:44:05:589  INFO 39796 --- [nacos-grpc-client-executor-478] com.alibaba.nacos.common.remote.client   : [31392df7-94a7-44d4-9495-605c96ea4da3] Receive server push request, request = NotifySubscriberRequest, requestId = 638
19:44:05:589  INFO 39796 --- [nacos-grpc-client-executor-478] com.alibaba.nacos.common.remote.client   : [31392df7-94a7-44d4-9495-605c96ea4da3] Ack server push request, request = NotifySubscriberRequest, requestId = 638
20:01:28:859  INFO 39796 --- [nacos-grpc-client-executor-698] com.alibaba.nacos.common.remote.client   : [31392df7-94a7-44d4-9495-605c96ea4da3] Receive server push request, request = NotifySubscriberRequest, requestId = 645
20:01:28:859  INFO 39796 --- [nacos-grpc-client-executor-698] com.alibaba.nacos.common.remote.client   : [31392df7-94a7-44d4-9495-605c96ea4da3] Ack server push request, request = NotifySubscriberRequest, requestId = 645
20:01:29:059  INFO 39796 --- [nacos-grpc-client-executor-699] com.alibaba.nacos.common.remote.client   : [31392df7-94a7-44d4-9495-605c96ea4da3] Receive server push request, request = NotifySubscriberRequest, requestId = 646
20:01:29:059  INFO 39796 --- [nacos-grpc-client-executor-699] com.alibaba.nacos.common.remote.client   : [31392df7-94a7-44d4-9495-605c96ea4da3] Ack server push request, request = NotifySubscriberRequest, requestId = 646
20:01:39:878  INFO 39796 --- [nacos-grpc-client-executor-706] com.alibaba.nacos.common.remote.client   : [31392df7-94a7-44d4-9495-605c96ea4da3] Receive server push request, request = NotifySubscriberRequest, requestId = 647
20:01:39:878  INFO 39796 --- [nacos-grpc-client-executor-706] com.alibaba.nacos.common.remote.client   : [31392df7-94a7-44d4-9495-605c96ea4da3] Ack server push request, request = NotifySubscriberRequest, requestId = 647
20:01:40:079  INFO 39796 --- [nacos-grpc-client-executor-707] com.alibaba.nacos.common.remote.client   : [31392df7-94a7-44d4-9495-605c96ea4da3] Receive server push request, request = NotifySubscriberRequest, requestId = 648
20:01:40:080  INFO 39796 --- [nacos-grpc-client-executor-707] com.alibaba.nacos.common.remote.client   : [31392df7-94a7-44d4-9495-605c96ea4da3] Ack server push request, request = NotifySubscriberRequest, requestId = 648
