17:54:29:378  INFO 28776 --- [main] com.hmall.trade.TradeApplication         : Starting TradeApplication using Java 21.0.3 on guojunzhang with PID 28776 (D:\gun jun zhang\studyPlace\SpringClound\hmall\trade-service\target\classes started by zhangguojun in D:\gun jun zhang\studyPlace\SpringClound\hmall)
17:54:29:379 DEBUG 28776 --- [main] com.hmall.trade.TradeApplication         : Running with Spring Boot v2.7.12, Spring v5.3.27
17:54:29:379  INFO 28776 --- [main] com.hmall.trade.TradeApplication         : No active profile set, falling back to 1 default profile: "default"
17:54:29:883  INFO 28776 --- [main] o.s.cloud.context.scope.GenericScope     : BeanFactory id=d48bfa28-5e4a-3d41-a999-2b0f92bbbacf
17:54:30:095  INFO 28776 --- [main] o.s.b.w.embedded.tomcat.TomcatWebServer  : Tomcat initialized with port(s): 8085 (http)
17:54:30:100  INFO 28776 --- [main] o.apache.catalina.core.StandardService   : Starting service [Tomcat]
17:54:30:100  INFO 28776 --- [main] org.apache.catalina.core.StandardEngine  : Starting Servlet engine: [Apache Tomcat/9.0.75]
17:54:30:162  INFO 28776 --- [main] o.a.c.c.C.[Tomcat].[localhost].[/]       : Initializing Spring embedded WebApplicationContext
17:54:30:163  INFO 28776 --- [main] w.s.c.ServletWebServerApplicationContext : Root WebApplicationContext: initialization completed in 756 ms
17:54:30:258  INFO 28776 --- [main] o.s.c.openfeign.FeignClientFactoryBean   : For 'item-service' URL not provided. Will try picking an instance via load-balancing.
17:54:30:442  INFO 28776 --- [main] o.s.c.openfeign.FeignClientFactoryBean   : For 'cart-service' URL not provided. Will try picking an instance via load-balancing.
17:54:30:661  INFO 28776 --- [main] pertySourcedRequestMappingHandlerMapping : Mapped URL path [/v2/api-docs] onto method [springfox.documentation.swagger2.web.Swagger2ControllerWebMvc#getDocumentation(String, HttpServletRequest)]
17:54:30:747  INFO 28776 --- [main] o.s.b.w.embedded.tomcat.TomcatWebServer  : Tomcat started on port(s): 8085 (http) with context path ''
17:54:30:748  INFO 28776 --- [main] d.s.w.p.DocumentationPluginsBootstrapper : Documentation plugins bootstrapped
17:54:30:750  INFO 28776 --- [main] d.s.w.p.DocumentationPluginsBootstrapper : Found 1 custom documentation plugin(s)
17:54:30:760  INFO 28776 --- [main] s.d.s.w.s.ApiListingReferenceScanner     : Scanning for api listing references
17:54:30:804  INFO 28776 --- [main] com.hmall.trade.TradeApplication         : Started TradeApplication in 1.672 seconds (JVM running for 1.99)
17:54:44:547  INFO 28776 --- [http-nio-8085-exec-1] o.a.c.c.C.[Tomcat].[localhost].[/]       : Initializing Spring DispatcherServlet 'dispatcherServlet'
17:54:44:547  INFO 28776 --- [http-nio-8085-exec-1] o.s.web.servlet.DispatcherServlet        : Initializing Servlet 'dispatcherServlet'
17:54:44:548  INFO 28776 --- [http-nio-8085-exec-1] o.s.web.servlet.DispatcherServlet        : Completed initialization in 1 ms
17:55:34:565  INFO 28776 --- [http-nio-8085-exec-7] com.zaxxer.hikari.HikariDataSource       : HikariPool-1 - Starting...
17:55:34:727  INFO 28776 --- [http-nio-8085-exec-7] com.zaxxer.hikari.HikariDataSource       : HikariPool-1 - Start completed.
17:55:34:730 DEBUG 28776 --- [http-nio-8085-exec-7] c.h.trade.mapper.OrderMapper.selectById  : ==>  Preparing: SELECT id,total_fee,payment_type,user_id,status,create_time,pay_time,consign_time,end_time,close_time,comment_time,update_time FROM `order` WHERE id=?
17:55:34:744 DEBUG 28776 --- [http-nio-8085-exec-7] c.h.trade.mapper.OrderMapper.selectById  : ==> Parameters: 123865420(Long)
17:55:34:759 DEBUG 28776 --- [http-nio-8085-exec-7] c.h.trade.mapper.OrderMapper.selectById  : <==      Total: 1
18:02:06:963  INFO 28776 --- [SpringApplicationShutdownHook] com.zaxxer.hikari.HikariDataSource       : HikariPool-1 - Shutdown initiated...
18:02:06:972  INFO 28776 --- [SpringApplicationShutdownHook] com.zaxxer.hikari.HikariDataSource       : HikariPool-1 - Shutdown completed.
18:02:10:665  INFO 29248 --- [main] com.hmall.trade.TradeApplication         : Starting TradeApplication using Java 21.0.3 on guojunzhang with PID 29248 (D:\gun jun zhang\studyPlace\SpringClound\hmall\trade-service\target\classes started by zhangguojun in D:\gun jun zhang\studyPlace\SpringClound\hmall)
18:02:10:666 DEBUG 29248 --- [main] com.hmall.trade.TradeApplication         : Running with Spring Boot v2.7.12, Spring v5.3.27
18:02:10:666  INFO 29248 --- [main] com.hmall.trade.TradeApplication         : No active profile set, falling back to 1 default profile: "default"
18:02:11:165  INFO 29248 --- [main] o.s.cloud.context.scope.GenericScope     : BeanFactory id=1326d052-3b19-377c-bb1d-83aaebfaa820
18:02:11:373  INFO 29248 --- [main] o.s.b.w.embedded.tomcat.TomcatWebServer  : Tomcat initialized with port(s): 8085 (http)
18:02:11:378  INFO 29248 --- [main] o.apache.catalina.core.StandardService   : Starting service [Tomcat]
18:02:11:379  INFO 29248 --- [main] org.apache.catalina.core.StandardEngine  : Starting Servlet engine: [Apache Tomcat/9.0.75]
18:02:11:465  INFO 29248 --- [main] o.a.c.c.C.[Tomcat].[localhost].[/]       : Initializing Spring embedded WebApplicationContext
18:02:11:465  INFO 29248 --- [main] w.s.c.ServletWebServerApplicationContext : Root WebApplicationContext: initialization completed in 771 ms
18:02:11:564  INFO 29248 --- [main] o.s.c.openfeign.FeignClientFactoryBean   : For 'item-service' URL not provided. Will try picking an instance via load-balancing.
18:02:11:743  INFO 29248 --- [main] o.s.c.openfeign.FeignClientFactoryBean   : For 'cart-service' URL not provided. Will try picking an instance via load-balancing.
18:02:12:004  INFO 29248 --- [main] pertySourcedRequestMappingHandlerMapping : Mapped URL path [/v2/api-docs] onto method [springfox.documentation.swagger2.web.Swagger2ControllerWebMvc#getDocumentation(String, HttpServletRequest)]
18:02:12:108  INFO 29248 --- [main] com.alibaba.nacos.common.remote.client   : [RpcClientFactory] create a new rpc client of 2d555ce0-7b69-4628-96bd-42af0932162d
18:02:12:135  INFO 29248 --- [main] org.reflections.Reflections              : Reflections took 12 ms to scan 1 urls, producing 3 keys and 6 values 
18:02:12:148  INFO 29248 --- [main] org.reflections.Reflections              : Reflections took 5 ms to scan 1 urls, producing 4 keys and 9 values 
18:02:12:152  INFO 29248 --- [main] org.reflections.Reflections              : Reflections took 3 ms to scan 1 urls, producing 3 keys and 10 values 
18:02:12:153  WARN 29248 --- [main] org.reflections.Reflections              : given scan urls are empty. set urls in the configuration
18:02:12:157  INFO 29248 --- [main] org.reflections.Reflections              : Reflections took 3 ms to scan 1 urls, producing 1 keys and 5 values 
18:02:12:166  INFO 29248 --- [main] org.reflections.Reflections              : Reflections took 8 ms to scan 1 urls, producing 1 keys and 7 values 
18:02:12:171  INFO 29248 --- [main] org.reflections.Reflections              : Reflections took 4 ms to scan 1 urls, producing 2 keys and 8 values 
18:02:12:172  WARN 29248 --- [main] org.reflections.Reflections              : given scan urls are empty. set urls in the configuration
18:02:12:172  INFO 29248 --- [main] com.alibaba.nacos.common.remote.client   : [2d555ce0-7b69-4628-96bd-42af0932162d] RpcClient init label, labels = {module=naming, source=sdk}
18:02:12:173  INFO 29248 --- [main] com.alibaba.nacos.common.remote.client   : [2d555ce0-7b69-4628-96bd-42af0932162d] RpcClient init, ServerListFactory = com.alibaba.nacos.client.naming.core.ServerListManager
18:02:12:173  INFO 29248 --- [main] com.alibaba.nacos.common.remote.client   : [2d555ce0-7b69-4628-96bd-42af0932162d] Registry connection listener to current client:com.alibaba.nacos.client.naming.remote.gprc.redo.NamingGrpcRedoService
18:02:12:173  INFO 29248 --- [main] com.alibaba.nacos.common.remote.client   : [2d555ce0-7b69-4628-96bd-42af0932162d] Register server push request handler:com.alibaba.nacos.client.naming.remote.gprc.NamingPushRequestHandler
18:02:12:174  INFO 29248 --- [main] com.alibaba.nacos.common.remote.client   : [2d555ce0-7b69-4628-96bd-42af0932162d] Try to connect to server on start up, server: {serverIp = '192.168.32.131', server main port = 8848}
18:02:12:587  INFO 29248 --- [main] com.alibaba.nacos.common.remote.client   : [2d555ce0-7b69-4628-96bd-42af0932162d] Success to connect to server [192.168.32.131:8848] on start up, connectionId = 1720778532607_192.168.32.1_52526
18:02:12:587  INFO 29248 --- [com.alibaba.nacos.client.remote.worker] com.alibaba.nacos.common.remote.client   : [2d555ce0-7b69-4628-96bd-42af0932162d] Notify connected event to listeners.
18:02:12:587  INFO 29248 --- [main] com.alibaba.nacos.common.remote.client   : [2d555ce0-7b69-4628-96bd-42af0932162d] Register server push request handler:com.alibaba.nacos.common.remote.client.RpcClient$ConnectResetRequestHandler
18:02:12:588  INFO 29248 --- [main] com.alibaba.nacos.common.remote.client   : [2d555ce0-7b69-4628-96bd-42af0932162d] Register server push request handler:com.alibaba.nacos.common.remote.client.RpcClient$$Lambda/0x000001d6bb7d91e8
18:02:12:615  INFO 29248 --- [main] o.s.b.w.embedded.tomcat.TomcatWebServer  : Tomcat started on port(s): 8085 (http) with context path ''
18:02:12:620  INFO 29248 --- [main] c.a.c.n.registry.NacosServiceRegistry    : nacos registry, DEFAULT_GROUP trade-service 192.168.1.3:8085 register finished
18:02:12:623  INFO 29248 --- [main] d.s.w.p.DocumentationPluginsBootstrapper : Documentation plugins bootstrapped
18:02:12:624  INFO 29248 --- [main] d.s.w.p.DocumentationPluginsBootstrapper : Found 1 custom documentation plugin(s)
18:02:12:634  INFO 29248 --- [main] s.d.s.w.s.ApiListingReferenceScanner     : Scanning for api listing references
18:02:12:680  INFO 29248 --- [main] com.hmall.trade.TradeApplication         : Started TradeApplication in 2.303 seconds (JVM running for 2.625)
18:02:13:191  INFO 29248 --- [nacos-grpc-client-executor-7] com.alibaba.nacos.common.remote.client   : [2d555ce0-7b69-4628-96bd-42af0932162d] Receive server push request, request = NotifySubscriberRequest, requestId = 88
18:02:13:193  INFO 29248 --- [nacos-grpc-client-executor-7] com.alibaba.nacos.common.remote.client   : [2d555ce0-7b69-4628-96bd-42af0932162d] Ack server push request, request = NotifySubscriberRequest, requestId = 88
18:04:31:807  WARN 29248 --- [Thread-7] c.a.n.common.http.HttpClientBeanHolder   : [HttpClientBeanHolder] Start destroying common HttpClient
18:04:31:808  WARN 29248 --- [Thread-4] c.a.nacos.common.notify.NotifyCenter     : [NotifyCenter] Start destroying Publisher
18:04:31:808  WARN 29248 --- [Thread-7] c.a.n.common.http.HttpClientBeanHolder   : [HttpClientBeanHolder] Destruction of the end
18:04:31:808  WARN 29248 --- [Thread-4] c.a.nacos.common.notify.NotifyCenter     : [NotifyCenter] Destruction of the end
18:04:31:822  INFO 29248 --- [SpringApplicationShutdownHook] c.a.c.n.registry.NacosServiceRegistry    : De-registering from Nacos Server now...
18:04:31:825  INFO 29248 --- [SpringApplicationShutdownHook] c.a.c.n.registry.NacosServiceRegistry    : De-registration finished.
18:04:32:130  INFO 29248 --- [SpringApplicationShutdownHook] com.alibaba.nacos.common.remote.client   : Shutdown rpc client, set status to shutdown
18:04:32:131  INFO 29248 --- [SpringApplicationShutdownHook] com.alibaba.nacos.common.remote.client   : Shutdown client event executor java.util.concurrent.ScheduledThreadPoolExecutor@5bdb9c69[Running, pool size = 2, active threads = 2, queued tasks = 0, completed tasks = 0]
18:04:32:131  INFO 29248 --- [SpringApplicationShutdownHook] com.alibaba.nacos.common.remote.client   : Close current connection 1720778532607_192.168.32.1_52526
18:04:32:133  INFO 29248 --- [SpringApplicationShutdownHook] c.a.n.c.remote.client.grpc.GrpcClient    : Shutdown grpc executor java.util.concurrent.ThreadPoolExecutor@740ad32e[Running, pool size = 4, active threads = 0, queued tasks = 0, completed tasks = 42]
19:15:37:165  INFO 16660 --- [main] com.hmall.trade.TradeApplication         : Starting TradeApplication using Java 21.0.3 on guojunzhang with PID 16660 (D:\gun jun zhang\studyPlace\SpringClound\hmall\trade-service\target\classes started by zhangguojun in D:\gun jun zhang\studyPlace\SpringClound\hmall)
19:15:37:166 DEBUG 16660 --- [main] com.hmall.trade.TradeApplication         : Running with Spring Boot v2.7.12, Spring v5.3.27
19:15:37:166  INFO 16660 --- [main] com.hmall.trade.TradeApplication         : No active profile set, falling back to 1 default profile: "default"
19:15:37:650  INFO 16660 --- [main] o.s.cloud.context.scope.GenericScope     : BeanFactory id=100d9b75-d7e2-3147-af7e-ab2c8014dfc1
19:15:37:854  INFO 16660 --- [main] o.s.b.w.embedded.tomcat.TomcatWebServer  : Tomcat initialized with port(s): 8085 (http)
19:15:37:857  INFO 16660 --- [main] o.apache.catalina.core.StandardService   : Starting service [Tomcat]
19:15:37:857  INFO 16660 --- [main] org.apache.catalina.core.StandardEngine  : Starting Servlet engine: [Apache Tomcat/9.0.75]
19:15:37:926  INFO 16660 --- [main] o.a.c.c.C.[Tomcat].[localhost].[/]       : Initializing Spring embedded WebApplicationContext
19:15:37:926  INFO 16660 --- [main] w.s.c.ServletWebServerApplicationContext : Root WebApplicationContext: initialization completed in 732 ms
19:15:38:019  INFO 16660 --- [main] o.s.c.openfeign.FeignClientFactoryBean   : For 'item-service' URL not provided. Will try picking an instance via load-balancing.
19:15:38:210  INFO 16660 --- [main] o.s.c.openfeign.FeignClientFactoryBean   : For 'cart-service' URL not provided. Will try picking an instance via load-balancing.
19:15:38:448  INFO 16660 --- [main] pertySourcedRequestMappingHandlerMapping : Mapped URL path [/v2/api-docs] onto method [springfox.documentation.swagger2.web.Swagger2ControllerWebMvc#getDocumentation(String, HttpServletRequest)]
19:15:38:630  INFO 16660 --- [main] com.alibaba.nacos.common.remote.client   : [RpcClientFactory] create a new rpc client of b4237765-9606-41eb-8f6d-77a75ba06c3b
19:15:38:667  INFO 16660 --- [main] org.reflections.Reflections              : Reflections took 19 ms to scan 1 urls, producing 3 keys and 6 values 
19:15:38:686  INFO 16660 --- [main] org.reflections.Reflections              : Reflections took 10 ms to scan 1 urls, producing 4 keys and 9 values 
19:15:38:692  INFO 16660 --- [main] org.reflections.Reflections              : Reflections took 4 ms to scan 1 urls, producing 3 keys and 10 values 
19:15:38:693  WARN 16660 --- [main] org.reflections.Reflections              : given scan urls are empty. set urls in the configuration
19:15:38:697  INFO 16660 --- [main] org.reflections.Reflections              : Reflections took 3 ms to scan 1 urls, producing 1 keys and 5 values 
19:15:38:702  INFO 16660 --- [main] org.reflections.Reflections              : Reflections took 4 ms to scan 1 urls, producing 1 keys and 7 values 
19:15:38:710  INFO 16660 --- [main] org.reflections.Reflections              : Reflections took 7 ms to scan 1 urls, producing 2 keys and 8 values 
19:15:38:711  WARN 16660 --- [main] org.reflections.Reflections              : given scan urls are empty. set urls in the configuration
19:15:38:712  INFO 16660 --- [main] com.alibaba.nacos.common.remote.client   : [b4237765-9606-41eb-8f6d-77a75ba06c3b] RpcClient init label, labels = {module=naming, source=sdk}
19:15:38:713  INFO 16660 --- [main] com.alibaba.nacos.common.remote.client   : [b4237765-9606-41eb-8f6d-77a75ba06c3b] RpcClient init, ServerListFactory = com.alibaba.nacos.client.naming.core.ServerListManager
19:15:38:713  INFO 16660 --- [main] com.alibaba.nacos.common.remote.client   : [b4237765-9606-41eb-8f6d-77a75ba06c3b] Registry connection listener to current client:com.alibaba.nacos.client.naming.remote.gprc.redo.NamingGrpcRedoService
19:15:38:713  INFO 16660 --- [main] com.alibaba.nacos.common.remote.client   : [b4237765-9606-41eb-8f6d-77a75ba06c3b] Register server push request handler:com.alibaba.nacos.client.naming.remote.gprc.NamingPushRequestHandler
19:15:38:715  INFO 16660 --- [main] com.alibaba.nacos.common.remote.client   : [b4237765-9606-41eb-8f6d-77a75ba06c3b] Try to connect to server on start up, server: {serverIp = '192.168.32.131', server main port = 8848}
19:15:39:262  INFO 16660 --- [main] com.alibaba.nacos.common.remote.client   : [b4237765-9606-41eb-8f6d-77a75ba06c3b] Success to connect to server [192.168.32.131:8848] on start up, connectionId = 1720782939309_192.168.32.1_59111
19:15:39:262  INFO 16660 --- [com.alibaba.nacos.client.remote.worker] com.alibaba.nacos.common.remote.client   : [b4237765-9606-41eb-8f6d-77a75ba06c3b] Notify connected event to listeners.
19:15:39:262  INFO 16660 --- [main] com.alibaba.nacos.common.remote.client   : [b4237765-9606-41eb-8f6d-77a75ba06c3b] Register server push request handler:com.alibaba.nacos.common.remote.client.RpcClient$ConnectResetRequestHandler
19:15:39:263  INFO 16660 --- [main] com.alibaba.nacos.common.remote.client   : [b4237765-9606-41eb-8f6d-77a75ba06c3b] Register server push request handler:com.alibaba.nacos.common.remote.client.RpcClient$$Lambda/0x000001b1017e6de0
19:15:39:307  INFO 16660 --- [main] o.s.b.w.embedded.tomcat.TomcatWebServer  : Tomcat started on port(s): 8085 (http) with context path ''
19:15:39:315  INFO 16660 --- [main] c.a.c.n.registry.NacosServiceRegistry    : nacos registry, DEFAULT_GROUP trade-service 192.168.1.3:8085 register finished
19:15:39:319  INFO 16660 --- [main] d.s.w.p.DocumentationPluginsBootstrapper : Documentation plugins bootstrapped
19:15:39:320  INFO 16660 --- [main] d.s.w.p.DocumentationPluginsBootstrapper : Found 1 custom documentation plugin(s)
19:15:39:329  INFO 16660 --- [main] s.d.s.w.s.ApiListingReferenceScanner     : Scanning for api listing references
19:15:39:377  INFO 16660 --- [main] com.hmall.trade.TradeApplication         : Started TradeApplication in 2.5 seconds (JVM running for 2.827)
19:15:39:815  INFO 16660 --- [nacos-grpc-client-executor-7] com.alibaba.nacos.common.remote.client   : [b4237765-9606-41eb-8f6d-77a75ba06c3b] Receive server push request, request = NotifySubscriberRequest, requestId = 91
19:15:39:823  INFO 16660 --- [nacos-grpc-client-executor-7] com.alibaba.nacos.common.remote.client   : [b4237765-9606-41eb-8f6d-77a75ba06c3b] Ack server push request, request = NotifySubscriberRequest, requestId = 91
19:15:44:026  WARN 16660 --- [Thread-7] c.a.n.common.http.HttpClientBeanHolder   : [HttpClientBeanHolder] Start destroying common HttpClient
19:15:44:026  WARN 16660 --- [Thread-4] c.a.nacos.common.notify.NotifyCenter     : [NotifyCenter] Start destroying Publisher
19:15:44:026  WARN 16660 --- [Thread-4] c.a.nacos.common.notify.NotifyCenter     : [NotifyCenter] Destruction of the end
19:15:44:028  WARN 16660 --- [Thread-7] c.a.n.common.http.HttpClientBeanHolder   : [HttpClientBeanHolder] Destruction of the end
19:15:44:041  INFO 16660 --- [SpringApplicationShutdownHook] c.a.c.n.registry.NacosServiceRegistry    : De-registering from Nacos Server now...
19:15:44:044  INFO 16660 --- [SpringApplicationShutdownHook] c.a.c.n.registry.NacosServiceRegistry    : De-registration finished.
19:15:44:616  INFO 16660 --- [nacos-grpc-client-executor-11] com.alibaba.nacos.common.remote.client   : [b4237765-9606-41eb-8f6d-77a75ba06c3b] Receive server push request, request = NotifySubscriberRequest, requestId = 92
19:15:44:622  INFO 16660 --- [nacos-grpc-client-executor-11] com.alibaba.nacos.common.remote.client   : [b4237765-9606-41eb-8f6d-77a75ba06c3b] Ack server push request, request = NotifySubscriberRequest, requestId = 92
19:15:44:653  INFO 16660 --- [SpringApplicationShutdownHook] com.alibaba.nacos.common.remote.client   : Shutdown rpc client, set status to shutdown
19:15:44:653  INFO 16660 --- [SpringApplicationShutdownHook] com.alibaba.nacos.common.remote.client   : Shutdown client event executor java.util.concurrent.ScheduledThreadPoolExecutor@696298ea[Running, pool size = 2, active threads = 2, queued tasks = 0, completed tasks = 0]
19:15:44:653  INFO 16660 --- [SpringApplicationShutdownHook] com.alibaba.nacos.common.remote.client   : Close current connection 1720782939309_192.168.32.1_59111
19:15:44:656  INFO 16660 --- [SpringApplicationShutdownHook] c.a.n.c.remote.client.grpc.GrpcClient    : Shutdown grpc executor java.util.concurrent.ThreadPoolExecutor@464d5365[Running, pool size = 12, active threads = 0, queued tasks = 0, completed tasks = 12]
