17:02:09:711  INFO 2980 --- [main] com.hmall.user.UserApplication           : Starting UserApplication using Java 21.0.3 on guojunzhang with PID 2980 (D:\gun jun zhang\studyPlace\SpringClound\hmall\user-service\target\classes started by zhangguojun in D:\gun jun zhang\studyPlace\SpringClound\hmall)
17:02:09:712 DEBUG 2980 --- [main] com.hmall.user.UserApplication           : Running with Spring Boot v2.7.12, Spring v5.3.27
17:02:09:713  INFO 2980 --- [main] com.hmall.user.UserApplication           : No active profile set, falling back to 1 default profile: "default"
17:02:10:223  INFO 2980 --- [main] o.s.cloud.context.scope.GenericScope     : BeanFactory id=f667dd47-e9d9-352b-8794-24275cbb853a
17:02:10:463  INFO 2980 --- [main] o.s.b.w.embedded.tomcat.TomcatWebServer  : Tomcat initialized with port(s): 8084 (http)
17:02:10:468  INFO 2980 --- [main] o.apache.catalina.core.StandardService   : Starting service [Tomcat]
17:02:10:468  INFO 2980 --- [main] org.apache.catalina.core.StandardEngine  : Starting Servlet engine: [Apache Tomcat/9.0.75]
17:02:10:537  INFO 2980 --- [main] o.a.c.c.C.[Tomcat].[localhost].[/]       : Initializing Spring embedded WebApplicationContext
17:02:10:537  INFO 2980 --- [main] w.s.c.ServletWebServerApplicationContext : Root WebApplicationContext: initialization completed in 795 ms
17:02:11:217  INFO 2980 --- [main] pertySourcedRequestMappingHandlerMapping : Mapped URL path [/v2/api-docs] onto method [springfox.documentation.swagger2.web.Swagger2ControllerWebMvc#getDocumentation(String, HttpServletRequest)]
17:02:11:337  INFO 2980 --- [main] com.alibaba.nacos.common.remote.client   : [RpcClientFactory] create a new rpc client of 757bc7a8-1fa2-41cb-bb5b-ae6e3dccc4b2
17:02:11:368  INFO 2980 --- [main] org.reflections.Reflections              : Reflections took 14 ms to scan 1 urls, producing 3 keys and 6 values 
17:02:11:385  INFO 2980 --- [main] org.reflections.Reflections              : Reflections took 8 ms to scan 1 urls, producing 4 keys and 9 values 
17:02:11:391  INFO 2980 --- [main] org.reflections.Reflections              : Reflections took 3 ms to scan 1 urls, producing 3 keys and 10 values 
17:02:11:392  WARN 2980 --- [main] org.reflections.Reflections              : given scan urls are empty. set urls in the configuration
17:02:11:396  INFO 2980 --- [main] org.reflections.Reflections              : Reflections took 4 ms to scan 1 urls, producing 1 keys and 5 values 
17:02:11:400  INFO 2980 --- [main] org.reflections.Reflections              : Reflections took 3 ms to scan 1 urls, producing 1 keys and 7 values 
17:02:11:405  INFO 2980 --- [main] org.reflections.Reflections              : Reflections took 3 ms to scan 1 urls, producing 2 keys and 8 values 
17:02:11:406  WARN 2980 --- [main] org.reflections.Reflections              : given scan urls are empty. set urls in the configuration
17:02:11:407  INFO 2980 --- [main] com.alibaba.nacos.common.remote.client   : [757bc7a8-1fa2-41cb-bb5b-ae6e3dccc4b2] RpcClient init label, labels = {module=naming, source=sdk}
17:02:11:407  INFO 2980 --- [main] com.alibaba.nacos.common.remote.client   : [757bc7a8-1fa2-41cb-bb5b-ae6e3dccc4b2] RpcClient init, ServerListFactory = com.alibaba.nacos.client.naming.core.ServerListManager
17:02:11:407  INFO 2980 --- [main] com.alibaba.nacos.common.remote.client   : [757bc7a8-1fa2-41cb-bb5b-ae6e3dccc4b2] Registry connection listener to current client:com.alibaba.nacos.client.naming.remote.gprc.redo.NamingGrpcRedoService
17:02:11:407  INFO 2980 --- [main] com.alibaba.nacos.common.remote.client   : [757bc7a8-1fa2-41cb-bb5b-ae6e3dccc4b2] Register server push request handler:com.alibaba.nacos.client.naming.remote.gprc.NamingPushRequestHandler
17:02:11:407  INFO 2980 --- [main] com.alibaba.nacos.common.remote.client   : [757bc7a8-1fa2-41cb-bb5b-ae6e3dccc4b2] Try to connect to server on start up, server: {serverIp = '192.168.32.131', server main port = 8848}
17:02:11:856  INFO 2980 --- [main] com.alibaba.nacos.common.remote.client   : [757bc7a8-1fa2-41cb-bb5b-ae6e3dccc4b2] Success to connect to server [192.168.32.131:8848] on start up, connectionId = 1720774931838_192.168.32.1_62901
17:02:11:856  INFO 2980 --- [com.alibaba.nacos.client.remote.worker] com.alibaba.nacos.common.remote.client   : [757bc7a8-1fa2-41cb-bb5b-ae6e3dccc4b2] Notify connected event to listeners.
17:02:11:856  INFO 2980 --- [main] com.alibaba.nacos.common.remote.client   : [757bc7a8-1fa2-41cb-bb5b-ae6e3dccc4b2] Register server push request handler:com.alibaba.nacos.common.remote.client.RpcClient$ConnectResetRequestHandler
17:02:11:856  INFO 2980 --- [main] com.alibaba.nacos.common.remote.client   : [757bc7a8-1fa2-41cb-bb5b-ae6e3dccc4b2] Register server push request handler:com.alibaba.nacos.common.remote.client.RpcClient$$Lambda/0x00000250b780c958
17:02:11:885  INFO 2980 --- [main] o.s.b.w.embedded.tomcat.TomcatWebServer  : Tomcat started on port(s): 8084 (http) with context path ''
17:02:11:891  INFO 2980 --- [main] c.a.c.n.registry.NacosServiceRegistry    : nacos registry, DEFAULT_GROUP user-service 192.168.1.3:8084 register finished
17:02:11:893  INFO 2980 --- [main] d.s.w.p.DocumentationPluginsBootstrapper : Documentation plugins bootstrapped
17:02:11:894  INFO 2980 --- [main] d.s.w.p.DocumentationPluginsBootstrapper : Found 1 custom documentation plugin(s)
17:02:11:904  INFO 2980 --- [main] s.d.s.w.s.ApiListingReferenceScanner     : Scanning for api listing references
17:02:11:953  INFO 2980 --- [main] com.hmall.user.UserApplication           : Started UserApplication in 2.56 seconds (JVM running for 2.986)
17:02:12:377  INFO 2980 --- [nacos-grpc-client-executor-8] com.alibaba.nacos.common.remote.client   : [757bc7a8-1fa2-41cb-bb5b-ae6e3dccc4b2] Receive server push request, request = NotifySubscriberRequest, requestId = 82
17:02:12:379  INFO 2980 --- [nacos-grpc-client-executor-8] com.alibaba.nacos.common.remote.client   : [757bc7a8-1fa2-41cb-bb5b-ae6e3dccc4b2] Ack server push request, request = NotifySubscriberRequest, requestId = 82
17:02:38:281  INFO 2980 --- [http-nio-8084-exec-1] o.a.c.c.C.[Tomcat].[localhost].[/]       : Initializing Spring DispatcherServlet 'dispatcherServlet'
17:02:38:281  INFO 2980 --- [http-nio-8084-exec-1] o.s.web.servlet.DispatcherServlet        : Initializing Servlet 'dispatcherServlet'
17:02:38:282  INFO 2980 --- [http-nio-8084-exec-1] o.s.web.servlet.DispatcherServlet        : Completed initialization in 1 ms
17:02:49:481  INFO 2980 --- [http-nio-8084-exec-7] com.zaxxer.hikari.HikariDataSource       : HikariPool-1 - Starting...
17:02:49:641  INFO 2980 --- [http-nio-8084-exec-7] com.zaxxer.hikari.HikariDataSource       : HikariPool-1 - Start completed.
17:02:49:645 DEBUG 2980 --- [http-nio-8084-exec-7] c.h.u.mapper.AddressMapper.selectList    : ==>  Preparing: SELECT id,user_id,province,city,town,mobile,street,contact,is_default,notes FROM address WHERE (user_id = ?)
17:02:49:659 DEBUG 2980 --- [http-nio-8084-exec-7] c.h.u.mapper.AddressMapper.selectList    : ==> Parameters: null
17:02:49:672 DEBUG 2980 --- [http-nio-8084-exec-7] c.h.u.mapper.AddressMapper.selectList    : <==      Total: 0
17:03:01:422 DEBUG 2980 --- [http-nio-8084-exec-4] c.h.u.mapper.AddressMapper.selectById    : ==>  Preparing: SELECT id,user_id,province,city,town,mobile,street,contact,is_default,notes FROM address WHERE id=?
17:03:01:423 DEBUG 2980 --- [http-nio-8084-exec-4] c.h.u.mapper.AddressMapper.selectById    : ==> Parameters: 1(Long)
17:03:01:425 DEBUG 2980 --- [http-nio-8084-exec-4] c.h.u.mapper.AddressMapper.selectById    : <==      Total: 0
17:03:01:428 ERROR 2980 --- [http-nio-8084-exec-4] o.a.c.c.C.[.[.[/].[dispatcherServlet]    : Servlet.service() for servlet [dispatcherServlet] in context with path [] threw exception [Request processing failed; nested exception is java.lang.NullPointerException: Cannot invoke "com.hmall.user.domain.po.Address.getUserId()" because "address" is null] with root cause

java.lang.NullPointerException: Cannot invoke "com.hmall.user.domain.po.Address.getUserId()" because "address" is null
	at com.hmall.user.controller.AddressController.findAddressById(AddressController.java:44) ~[classes/:na]
	at java.base/jdk.internal.reflect.DirectMethodHandleAccessor.invoke(DirectMethodHandleAccessor.java:103) ~[na:na]
	at java.base/java.lang.reflect.Method.invoke(Method.java:580) ~[na:na]
	at org.springframework.web.method.support.InvocableHandlerMethod.doInvoke(InvocableHandlerMethod.java:205) ~[spring-web-5.3.27.jar:5.3.27]
	at org.springframework.web.method.support.InvocableHandlerMethod.invokeForRequest(InvocableHandlerMethod.java:150) ~[spring-web-5.3.27.jar:5.3.27]
	at org.springframework.web.servlet.mvc.method.annotation.ServletInvocableHandlerMethod.invokeAndHandle(ServletInvocableHandlerMethod.java:117) ~[spring-webmvc-5.3.27.jar:5.3.27]
	at org.springframework.web.servlet.mvc.method.annotation.RequestMappingHandlerAdapter.invokeHandlerMethod(RequestMappingHandlerAdapter.java:895) ~[spring-webmvc-5.3.27.jar:5.3.27]
	at org.springframework.web.servlet.mvc.method.annotation.RequestMappingHandlerAdapter.handleInternal(RequestMappingHandlerAdapter.java:808) ~[spring-webmvc-5.3.27.jar:5.3.27]
	at org.springframework.web.servlet.mvc.method.AbstractHandlerMethodAdapter.handle(AbstractHandlerMethodAdapter.java:87) ~[spring-webmvc-5.3.27.jar:5.3.27]
	at org.springframework.web.servlet.DispatcherServlet.doDispatch(DispatcherServlet.java:1072) ~[spring-webmvc-5.3.27.jar:5.3.27]
	at org.springframework.web.servlet.DispatcherServlet.doService(DispatcherServlet.java:965) ~[spring-webmvc-5.3.27.jar:5.3.27]
	at org.springframework.web.servlet.FrameworkServlet.processRequest(FrameworkServlet.java:1006) ~[spring-webmvc-5.3.27.jar:5.3.27]
	at org.springframework.web.servlet.FrameworkServlet.doGet(FrameworkServlet.java:898) ~[spring-webmvc-5.3.27.jar:5.3.27]
	at javax.servlet.http.HttpServlet.service(HttpServlet.java:529) ~[tomcat-embed-core-9.0.75.jar:4.0.FR]
	at org.springframework.web.servlet.FrameworkServlet.service(FrameworkServlet.java:883) ~[spring-webmvc-5.3.27.jar:5.3.27]
	at javax.servlet.http.HttpServlet.service(HttpServlet.java:623) ~[tomcat-embed-core-9.0.75.jar:4.0.FR]
	at org.apache.catalina.core.ApplicationFilterChain.internalDoFilter(ApplicationFilterChain.java:209) ~[tomcat-embed-core-9.0.75.jar:9.0.75]
	at org.apache.catalina.core.ApplicationFilterChain.doFilter(ApplicationFilterChain.java:153) ~[tomcat-embed-core-9.0.75.jar:9.0.75]
	at org.apache.tomcat.websocket.server.WsFilter.doFilter(WsFilter.java:51) ~[tomcat-embed-websocket-9.0.75.jar:9.0.75]
	at org.apache.catalina.core.ApplicationFilterChain.internalDoFilter(ApplicationFilterChain.java:178) ~[tomcat-embed-core-9.0.75.jar:9.0.75]
	at org.apache.catalina.core.ApplicationFilterChain.doFilter(ApplicationFilterChain.java:153) ~[tomcat-embed-core-9.0.75.jar:9.0.75]
	at org.springframework.web.filter.RequestContextFilter.doFilterInternal(RequestContextFilter.java:100) ~[spring-web-5.3.27.jar:5.3.27]
	at org.springframework.web.filter.OncePerRequestFilter.doFilter(OncePerRequestFilter.java:117) ~[spring-web-5.3.27.jar:5.3.27]
	at org.apache.catalina.core.ApplicationFilterChain.internalDoFilter(ApplicationFilterChain.java:178) ~[tomcat-embed-core-9.0.75.jar:9.0.75]
	at org.apache.catalina.core.ApplicationFilterChain.doFilter(ApplicationFilterChain.java:153) ~[tomcat-embed-core-9.0.75.jar:9.0.75]
	at org.springframework.web.filter.FormContentFilter.doFilterInternal(FormContentFilter.java:93) ~[spring-web-5.3.27.jar:5.3.27]
	at org.springframework.web.filter.OncePerRequestFilter.doFilter(OncePerRequestFilter.java:117) ~[spring-web-5.3.27.jar:5.3.27]
	at org.apache.catalina.core.ApplicationFilterChain.internalDoFilter(ApplicationFilterChain.java:178) ~[tomcat-embed-core-9.0.75.jar:9.0.75]
	at org.apache.catalina.core.ApplicationFilterChain.doFilter(ApplicationFilterChain.java:153) ~[tomcat-embed-core-9.0.75.jar:9.0.75]
	at org.springframework.web.filter.CharacterEncodingFilter.doFilterInternal(CharacterEncodingFilter.java:201) ~[spring-web-5.3.27.jar:5.3.27]
	at org.springframework.web.filter.OncePerRequestFilter.doFilter(OncePerRequestFilter.java:117) ~[spring-web-5.3.27.jar:5.3.27]
	at org.apache.catalina.core.ApplicationFilterChain.internalDoFilter(ApplicationFilterChain.java:178) ~[tomcat-embed-core-9.0.75.jar:9.0.75]
	at org.apache.catalina.core.ApplicationFilterChain.doFilter(ApplicationFilterChain.java:153) ~[tomcat-embed-core-9.0.75.jar:9.0.75]
	at org.apache.catalina.core.StandardWrapperValve.invoke(StandardWrapperValve.java:167) ~[tomcat-embed-core-9.0.75.jar:9.0.75]
	at org.apache.catalina.core.StandardContextValve.invoke(StandardContextValve.java:90) ~[tomcat-embed-core-9.0.75.jar:9.0.75]
	at org.apache.catalina.authenticator.AuthenticatorBase.invoke(AuthenticatorBase.java:481) ~[tomcat-embed-core-9.0.75.jar:9.0.75]
	at org.apache.catalina.core.StandardHostValve.invoke(StandardHostValve.java:130) ~[tomcat-embed-core-9.0.75.jar:9.0.75]
	at org.apache.catalina.valves.ErrorReportValve.invoke(ErrorReportValve.java:93) ~[tomcat-embed-core-9.0.75.jar:9.0.75]
	at org.apache.catalina.core.StandardEngineValve.invoke(StandardEngineValve.java:74) ~[tomcat-embed-core-9.0.75.jar:9.0.75]
	at org.apache.catalina.connector.CoyoteAdapter.service(CoyoteAdapter.java:343) ~[tomcat-embed-core-9.0.75.jar:9.0.75]
	at org.apache.coyote.http11.Http11Processor.service(Http11Processor.java:390) ~[tomcat-embed-core-9.0.75.jar:9.0.75]
	at org.apache.coyote.AbstractProcessorLight.process(AbstractProcessorLight.java:63) ~[tomcat-embed-core-9.0.75.jar:9.0.75]
	at org.apache.coyote.AbstractProtocol$ConnectionHandler.process(AbstractProtocol.java:926) ~[tomcat-embed-core-9.0.75.jar:9.0.75]
	at org.apache.tomcat.util.net.NioEndpoint$SocketProcessor.doRun(NioEndpoint.java:1791) ~[tomcat-embed-core-9.0.75.jar:9.0.75]
	at org.apache.tomcat.util.net.SocketProcessorBase.run(SocketProcessorBase.java:52) ~[tomcat-embed-core-9.0.75.jar:9.0.75]
	at org.apache.tomcat.util.threads.ThreadPoolExecutor.runWorker(ThreadPoolExecutor.java:1191) ~[tomcat-embed-core-9.0.75.jar:9.0.75]
	at org.apache.tomcat.util.threads.ThreadPoolExecutor$Worker.run(ThreadPoolExecutor.java:659) ~[tomcat-embed-core-9.0.75.jar:9.0.75]
	at org.apache.tomcat.util.threads.TaskThread$WrappingRunnable.run(TaskThread.java:61) ~[tomcat-embed-core-9.0.75.jar:9.0.75]
	at java.base/java.lang.Thread.run(Thread.java:1583) ~[na:na]

17:04:04:904  WARN 2980 --- [http-nio-8084-exec-9] c.b.m.c.t.support.ReflectLambdaMeta      : Unable to make field private final java.lang.Class java.lang.invoke.SerializedLambda.capturingClass accessible: module java.base does not "opens java.lang.invoke" to unnamed module @5bda8e08
17:04:04:906 DEBUG 2980 --- [http-nio-8084-exec-9] c.h.user.mapper.UserMapper.selectList    : ==>  Preparing: SELECT id,username,password,phone,create_time,update_time,status,balance FROM user WHERE (username = ?)
17:04:04:907 DEBUG 2980 --- [http-nio-8084-exec-9] c.h.user.mapper.UserMapper.selectList    : ==> Parameters: Jack(String)
17:04:04:913 DEBUG 2980 --- [http-nio-8084-exec-9] c.h.user.mapper.UserMapper.selectList    : <==      Total: 1
17:04:34:586 DEBUG 2980 --- [http-nio-8084-exec-10] c.h.u.mapper.AddressMapper.selectList    : ==>  Preparing: SELECT id,user_id,province,city,town,mobile,street,contact,is_default,notes FROM address WHERE (user_id = ?)
17:04:34:587 DEBUG 2980 --- [http-nio-8084-exec-10] c.h.u.mapper.AddressMapper.selectList    : ==> Parameters: null
17:04:34:589 DEBUG 2980 --- [http-nio-8084-exec-10] c.h.u.mapper.AddressMapper.selectList    : <==      Total: 0
17:05:13:020 DEBUG 2980 --- [http-nio-8084-exec-1] c.h.u.mapper.AddressMapper.selectList    : ==>  Preparing: SELECT id,user_id,province,city,town,mobile,street,contact,is_default,notes FROM address WHERE (user_id = ?)
17:05:13:020 DEBUG 2980 --- [http-nio-8084-exec-1] c.h.u.mapper.AddressMapper.selectList    : ==> Parameters: null
17:05:13:022 DEBUG 2980 --- [http-nio-8084-exec-1] c.h.u.mapper.AddressMapper.selectList    : <==      Total: 0
17:05:14:122 DEBUG 2980 --- [http-nio-8084-exec-7] c.h.u.mapper.AddressMapper.selectList    : ==>  Preparing: SELECT id,user_id,province,city,town,mobile,street,contact,is_default,notes FROM address WHERE (user_id = ?)
17:05:14:122 DEBUG 2980 --- [http-nio-8084-exec-7] c.h.u.mapper.AddressMapper.selectList    : ==> Parameters: null
17:05:14:123 DEBUG 2980 --- [http-nio-8084-exec-7] c.h.u.mapper.AddressMapper.selectList    : <==      Total: 0
17:05:19:703 DEBUG 2980 --- [http-nio-8084-exec-4] c.h.u.mapper.AddressMapper.selectList    : ==>  Preparing: SELECT id,user_id,province,city,town,mobile,street,contact,is_default,notes FROM address WHERE (user_id = ?)
17:05:19:703 DEBUG 2980 --- [http-nio-8084-exec-4] c.h.u.mapper.AddressMapper.selectList    : ==> Parameters: null
17:05:19:705 DEBUG 2980 --- [http-nio-8084-exec-4] c.h.u.mapper.AddressMapper.selectList    : <==      Total: 0
17:05:27:308 DEBUG 2980 --- [http-nio-8084-exec-8] c.h.u.mapper.AddressMapper.selectList    : ==>  Preparing: SELECT id,user_id,province,city,town,mobile,street,contact,is_default,notes FROM address WHERE (user_id = ?)
17:05:27:308 DEBUG 2980 --- [http-nio-8084-exec-8] c.h.u.mapper.AddressMapper.selectList    : ==> Parameters: null
17:05:27:309 DEBUG 2980 --- [http-nio-8084-exec-8] c.h.u.mapper.AddressMapper.selectList    : <==      Total: 0
17:05:45:419  INFO 2980 --- [http-nio-8084-exec-3] c.h.user.service.impl.UserServiceImpl    : 开始扣款
17:05:45:421 DEBUG 2980 --- [http-nio-8084-exec-3] c.h.user.mapper.UserMapper.selectById    : ==>  Preparing: SELECT id,username,password,phone,create_time,update_time,status,balance FROM user WHERE id=?
17:05:45:421 DEBUG 2980 --- [http-nio-8084-exec-3] c.h.user.mapper.UserMapper.selectById    : ==> Parameters: null
17:05:45:423 DEBUG 2980 --- [http-nio-8084-exec-3] c.h.user.mapper.UserMapper.selectById    : <==      Total: 0
17:05:45:424 ERROR 2980 --- [http-nio-8084-exec-3] o.a.c.c.C.[.[.[/].[dispatcherServlet]    : Servlet.service() for servlet [dispatcherServlet] in context with path [] threw exception [Request processing failed; nested exception is com.hmall.common.exception.BizIllegalException: 用户密码错误] with root cause

com.hmall.common.exception.BizIllegalException: 用户密码错误
	at com.hmall.user.service.impl.UserServiceImpl.deductMoney(UserServiceImpl.java:74) ~[classes/:na]
	at com.hmall.user.service.impl.UserServiceImpl$$FastClassBySpringCGLIB$$da72bc39.invoke(<generated>) ~[classes/:na]
	at org.springframework.cglib.proxy.MethodProxy.invoke(MethodProxy.java:218) ~[spring-core-5.3.27.jar:5.3.27]
	at org.springframework.aop.framework.CglibAopProxy.invokeMethod(CglibAopProxy.java:386) ~[spring-aop-5.3.27.jar:5.3.27]
	at org.springframework.aop.framework.CglibAopProxy.access$000(CglibAopProxy.java:85) ~[spring-aop-5.3.27.jar:5.3.27]
	at org.springframework.aop.framework.CglibAopProxy$DynamicAdvisedInterceptor.intercept(CglibAopProxy.java:704) ~[spring-aop-5.3.27.jar:5.3.27]
	at com.hmall.user.service.impl.UserServiceImpl$$EnhancerBySpringCGLIB$$9a9b01cb.deductMoney(<generated>) ~[classes/:na]
	at com.hmall.user.controller.UserController.deductMoney(UserController.java:36) ~[classes/:na]
	at java.base/jdk.internal.reflect.DirectMethodHandleAccessor.invoke(DirectMethodHandleAccessor.java:103) ~[na:na]
	at java.base/java.lang.reflect.Method.invoke(Method.java:580) ~[na:na]
	at org.springframework.web.method.support.InvocableHandlerMethod.doInvoke(InvocableHandlerMethod.java:205) ~[spring-web-5.3.27.jar:5.3.27]
	at org.springframework.web.method.support.InvocableHandlerMethod.invokeForRequest(InvocableHandlerMethod.java:150) ~[spring-web-5.3.27.jar:5.3.27]
	at org.springframework.web.servlet.mvc.method.annotation.ServletInvocableHandlerMethod.invokeAndHandle(ServletInvocableHandlerMethod.java:117) ~[spring-webmvc-5.3.27.jar:5.3.27]
	at org.springframework.web.servlet.mvc.method.annotation.RequestMappingHandlerAdapter.invokeHandlerMethod(RequestMappingHandlerAdapter.java:895) ~[spring-webmvc-5.3.27.jar:5.3.27]
	at org.springframework.web.servlet.mvc.method.annotation.RequestMappingHandlerAdapter.handleInternal(RequestMappingHandlerAdapter.java:808) ~[spring-webmvc-5.3.27.jar:5.3.27]
	at org.springframework.web.servlet.mvc.method.AbstractHandlerMethodAdapter.handle(AbstractHandlerMethodAdapter.java:87) ~[spring-webmvc-5.3.27.jar:5.3.27]
	at org.springframework.web.servlet.DispatcherServlet.doDispatch(DispatcherServlet.java:1072) ~[spring-webmvc-5.3.27.jar:5.3.27]
	at org.springframework.web.servlet.DispatcherServlet.doService(DispatcherServlet.java:965) ~[spring-webmvc-5.3.27.jar:5.3.27]
	at org.springframework.web.servlet.FrameworkServlet.processRequest(FrameworkServlet.java:1006) ~[spring-webmvc-5.3.27.jar:5.3.27]
	at org.springframework.web.servlet.FrameworkServlet.doPut(FrameworkServlet.java:920) ~[spring-webmvc-5.3.27.jar:5.3.27]
	at javax.servlet.http.HttpServlet.service(HttpServlet.java:558) ~[tomcat-embed-core-9.0.75.jar:4.0.FR]
	at org.springframework.web.servlet.FrameworkServlet.service(FrameworkServlet.java:883) ~[spring-webmvc-5.3.27.jar:5.3.27]
	at javax.servlet.http.HttpServlet.service(HttpServlet.java:623) ~[tomcat-embed-core-9.0.75.jar:4.0.FR]
	at org.apache.catalina.core.ApplicationFilterChain.internalDoFilter(ApplicationFilterChain.java:209) ~[tomcat-embed-core-9.0.75.jar:9.0.75]
	at org.apache.catalina.core.ApplicationFilterChain.doFilter(ApplicationFilterChain.java:153) ~[tomcat-embed-core-9.0.75.jar:9.0.75]
	at org.apache.tomcat.websocket.server.WsFilter.doFilter(WsFilter.java:51) ~[tomcat-embed-websocket-9.0.75.jar:9.0.75]
	at org.apache.catalina.core.ApplicationFilterChain.internalDoFilter(ApplicationFilterChain.java:178) ~[tomcat-embed-core-9.0.75.jar:9.0.75]
	at org.apache.catalina.core.ApplicationFilterChain.doFilter(ApplicationFilterChain.java:153) ~[tomcat-embed-core-9.0.75.jar:9.0.75]
	at org.springframework.web.filter.RequestContextFilter.doFilterInternal(RequestContextFilter.java:100) ~[spring-web-5.3.27.jar:5.3.27]
	at org.springframework.web.filter.OncePerRequestFilter.doFilter(OncePerRequestFilter.java:117) ~[spring-web-5.3.27.jar:5.3.27]
	at org.apache.catalina.core.ApplicationFilterChain.internalDoFilter(ApplicationFilterChain.java:178) ~[tomcat-embed-core-9.0.75.jar:9.0.75]
	at org.apache.catalina.core.ApplicationFilterChain.doFilter(ApplicationFilterChain.java:153) ~[tomcat-embed-core-9.0.75.jar:9.0.75]
	at org.springframework.web.filter.FormContentFilter.doFilterInternal(FormContentFilter.java:93) ~[spring-web-5.3.27.jar:5.3.27]
	at org.springframework.web.filter.OncePerRequestFilter.doFilter(OncePerRequestFilter.java:117) ~[spring-web-5.3.27.jar:5.3.27]
	at org.apache.catalina.core.ApplicationFilterChain.internalDoFilter(ApplicationFilterChain.java:178) ~[tomcat-embed-core-9.0.75.jar:9.0.75]
	at org.apache.catalina.core.ApplicationFilterChain.doFilter(ApplicationFilterChain.java:153) ~[tomcat-embed-core-9.0.75.jar:9.0.75]
	at org.springframework.web.filter.CharacterEncodingFilter.doFilterInternal(CharacterEncodingFilter.java:201) ~[spring-web-5.3.27.jar:5.3.27]
	at org.springframework.web.filter.OncePerRequestFilter.doFilter(OncePerRequestFilter.java:117) ~[spring-web-5.3.27.jar:5.3.27]
	at org.apache.catalina.core.ApplicationFilterChain.internalDoFilter(ApplicationFilterChain.java:178) ~[tomcat-embed-core-9.0.75.jar:9.0.75]
	at org.apache.catalina.core.ApplicationFilterChain.doFilter(ApplicationFilterChain.java:153) ~[tomcat-embed-core-9.0.75.jar:9.0.75]
	at org.apache.catalina.core.StandardWrapperValve.invoke(StandardWrapperValve.java:167) ~[tomcat-embed-core-9.0.75.jar:9.0.75]
	at org.apache.catalina.core.StandardContextValve.invoke(StandardContextValve.java:90) ~[tomcat-embed-core-9.0.75.jar:9.0.75]
	at org.apache.catalina.authenticator.AuthenticatorBase.invoke(AuthenticatorBase.java:481) ~[tomcat-embed-core-9.0.75.jar:9.0.75]
	at org.apache.catalina.core.StandardHostValve.invoke(StandardHostValve.java:130) ~[tomcat-embed-core-9.0.75.jar:9.0.75]
	at org.apache.catalina.valves.ErrorReportValve.invoke(ErrorReportValve.java:93) ~[tomcat-embed-core-9.0.75.jar:9.0.75]
	at org.apache.catalina.core.StandardEngineValve.invoke(StandardEngineValve.java:74) ~[tomcat-embed-core-9.0.75.jar:9.0.75]
	at org.apache.catalina.connector.CoyoteAdapter.service(CoyoteAdapter.java:343) ~[tomcat-embed-core-9.0.75.jar:9.0.75]
	at org.apache.coyote.http11.Http11Processor.service(Http11Processor.java:390) ~[tomcat-embed-core-9.0.75.jar:9.0.75]
	at org.apache.coyote.AbstractProcessorLight.process(AbstractProcessorLight.java:63) ~[tomcat-embed-core-9.0.75.jar:9.0.75]
	at org.apache.coyote.AbstractProtocol$ConnectionHandler.process(AbstractProtocol.java:926) ~[tomcat-embed-core-9.0.75.jar:9.0.75]
	at org.apache.tomcat.util.net.NioEndpoint$SocketProcessor.doRun(NioEndpoint.java:1791) ~[tomcat-embed-core-9.0.75.jar:9.0.75]
	at org.apache.tomcat.util.net.SocketProcessorBase.run(SocketProcessorBase.java:52) ~[tomcat-embed-core-9.0.75.jar:9.0.75]
	at org.apache.tomcat.util.threads.ThreadPoolExecutor.runWorker(ThreadPoolExecutor.java:1191) ~[tomcat-embed-core-9.0.75.jar:9.0.75]
	at org.apache.tomcat.util.threads.ThreadPoolExecutor$Worker.run(ThreadPoolExecutor.java:659) ~[tomcat-embed-core-9.0.75.jar:9.0.75]
	at org.apache.tomcat.util.threads.TaskThread$WrappingRunnable.run(TaskThread.java:61) ~[tomcat-embed-core-9.0.75.jar:9.0.75]
	at java.base/java.lang.Thread.run(Thread.java:1583) ~[na:na]

18:04:31:833  WARN 2980 --- [Thread-4] c.a.nacos.common.notify.NotifyCenter     : [NotifyCenter] Start destroying Publisher
18:04:31:833  WARN 2980 --- [Thread-7] c.a.n.common.http.HttpClientBeanHolder   : [HttpClientBeanHolder] Start destroying common HttpClient
18:04:31:833  WARN 2980 --- [Thread-4] c.a.nacos.common.notify.NotifyCenter     : [NotifyCenter] Destruction of the end
18:04:31:834  WARN 2980 --- [Thread-7] c.a.n.common.http.HttpClientBeanHolder   : [HttpClientBeanHolder] Destruction of the end
18:04:31:849  INFO 2980 --- [SpringApplicationShutdownHook] c.a.c.n.registry.NacosServiceRegistry    : De-registering from Nacos Server now...
18:04:31:852  INFO 2980 --- [SpringApplicationShutdownHook] c.a.c.n.registry.NacosServiceRegistry    : De-registration finished.
18:04:32:157  INFO 2980 --- [SpringApplicationShutdownHook] com.alibaba.nacos.common.remote.client   : Shutdown rpc client, set status to shutdown
18:04:32:157  INFO 2980 --- [SpringApplicationShutdownHook] com.alibaba.nacos.common.remote.client   : Shutdown client event executor java.util.concurrent.ScheduledThreadPoolExecutor@5e2b512b[Running, pool size = 2, active threads = 2, queued tasks = 0, completed tasks = 0]
18:04:32:157  INFO 2980 --- [SpringApplicationShutdownHook] com.alibaba.nacos.common.remote.client   : Close current connection 1720774931838_192.168.32.1_62901
18:04:32:158  INFO 2980 --- [nacos-grpc-client-executor-780] c.a.n.c.remote.client.grpc.GrpcClient    : [1720774931838_192.168.32.1_62901]Ignore complete event,isRunning:false,isAbandon=false
18:04:32:159  INFO 2980 --- [SpringApplicationShutdownHook] c.a.n.c.remote.client.grpc.GrpcClient    : Shutdown grpc executor java.util.concurrent.ThreadPoolExecutor@7be859de[Running, pool size = 5, active threads = 0, queued tasks = 0, completed tasks = 781]
18:04:32:162  INFO 2980 --- [SpringApplicationShutdownHook] com.zaxxer.hikari.HikariDataSource       : HikariPool-1 - Shutdown initiated...
18:04:32:172  INFO 2980 --- [SpringApplicationShutdownHook] com.zaxxer.hikari.HikariDataSource       : HikariPool-1 - Shutdown completed.
